[0.016s] Invoking command in '/home/phuc/working/reset_entry/ws_2/build/rbpler_interfaces': CMAKE_PREFIX_PATH=${CMAKE_PREFIX_PATH}:/home/phuc/working/reset_entry/install/robot_planner:/home/phuc/working/reset_entry/ws_2/install/robot_planner:/home/phuc/working/ws_2_copy/install/robot_planner:/opt/ros/humble /usr/bin/cmake /home/phuc/working/reset_entry/ws_2/src/rbpler_interfaces -DCMAKE_INSTALL_PREFIX=/home/phuc/working/reset_entry/ws_2/install/rbpler_interfaces
[0.124s] -- The C compiler identification is GNU 11.4.0
[0.199s] -- The CXX compiler identification is GNU 11.4.0
[0.208s] -- Detecting C compiler ABI info
[0.273s] -- Detecting C compiler ABI info - done
[0.278s] -- Check for working C compiler: /usr/bin/cc - skipped
[0.278s] -- Detecting C compile features
[0.279s] -- Detecting C compile features - done
[0.281s] -- Detecting CXX compiler ABI info
[0.349s] -- Detecting CXX compiler ABI info - done
[0.355s] -- Check for working CXX compiler: /usr/bin/c++ - skipped
[0.355s] -- Detecting CXX compile features
[0.355s] -- Detecting CXX compile features - done
[0.358s] -- Found ament_cmake: 1.3.10 (/opt/ros/humble/share/ament_cmake/cmake)
[0.484s] -- Found Python3: /usr/bin/python3 (found version "3.10.12") found components: Interpreter 
[0.574s] -- Found rosidl_default_generators: 1.2.0 (/opt/ros/humble/share/rosidl_default_generators/cmake)
[0.578s] -- Using all available rosidl_typesupport_c: rosidl_typesupport_fastrtps_c;rosidl_typesupport_introspection_c
[0.586s] -- Found rosidl_adapter: 3.1.5 (/opt/ros/humble/share/rosidl_adapter/cmake)
[0.632s] -- Using all available rosidl_typesupport_cpp: rosidl_typesupport_fastrtps_cpp;rosidl_typesupport_introspection_cpp
[0.861s] -- Found ament_cmake_ros: 0.10.0 (/opt/ros/humble/share/ament_cmake_ros/cmake)
[1.009s] -- Using all available rosidl_typesupport_c: rosidl_typesupport_fastrtps_c;rosidl_typesupport_introspection_c
[1.198s] -- Using all available rosidl_typesupport_cpp: rosidl_typesupport_fastrtps_cpp;rosidl_typesupport_introspection_cpp
[1.217s] -- Found PythonInterp: /usr/bin/python3 (found suitable version "3.10.12", minimum required is "3.6") 
[1.219s] -- Found python_cmake_module: 0.10.0 (/opt/ros/humble/share/python_cmake_module/cmake)
[1.243s] -- Found PythonLibs: /usr/lib/x86_64-linux-gnu/libpython3.10.so (found suitable version "3.10.12", minimum required is "3.5") 
[1.243s] -- Using PYTHON_EXECUTABLE: /usr/bin/python3
[1.243s] -- Using PYTHON_INCLUDE_DIRS: /usr/include/python3.10
[1.243s] -- Using PYTHON_LIBRARIES: /usr/lib/x86_64-linux-gnu/libpython3.10.so
[1.261s] -- Found PythonExtra: .so  
[1.289s] -- Found ament_lint_auto: 0.12.11 (/opt/ros/humble/share/ament_lint_auto/cmake)
[1.313s] -- Added test 'lint_cmake' to check CMake code style
[1.314s] -- Added test 'xmllint' to check XML markup files
[1.317s] -- Configuring done
[1.341s] -- Generating done
[1.343s] -- Build files have been written to: /home/phuc/working/reset_entry/ws_2/build/rbpler_interfaces
[1.349s] Invoked command in '/home/phuc/working/reset_entry/ws_2/build/rbpler_interfaces' returned '0': CMAKE_PREFIX_PATH=${CMAKE_PREFIX_PATH}:/home/phuc/working/reset_entry/install/robot_planner:/home/phuc/working/reset_entry/ws_2/install/robot_planner:/home/phuc/working/ws_2_copy/install/robot_planner:/opt/ros/humble /usr/bin/cmake /home/phuc/working/reset_entry/ws_2/src/rbpler_interfaces -DCMAKE_INSTALL_PREFIX=/home/phuc/working/reset_entry/ws_2/install/rbpler_interfaces
[1.351s] Invoking command in '/home/phuc/working/reset_entry/ws_2/build/rbpler_interfaces': CMAKE_PREFIX_PATH=${CMAKE_PREFIX_PATH}:/home/phuc/working/reset_entry/install/robot_planner:/home/phuc/working/reset_entry/ws_2/install/robot_planner:/home/phuc/working/ws_2_copy/install/robot_planner:/opt/ros/humble /usr/bin/cmake --build /home/phuc/working/reset_entry/ws_2/build/rbpler_interfaces -- -j12 -l12
[1.384s] [  3%] [34m[1mGenerating C code for ROS interfaces[0m
[1.393s] [  6%] [34m[1mGenerating C++ code for ROS interfaces[0m
[1.400s] [  6%] Built target ament_cmake_python_copy_rbpler_interfaces
[1.595s] [  6%] Built target rbpler_interfaces__cpp
[1.601s] [  9%] [32mBuilding C object CMakeFiles/rbpler_interfaces__rosidl_generator_c.dir/rosidl_generator_c/rbpler_interfaces/srv/detail/set_string__functions.c.o[0m
[1.604s] [ 16%] [34m[1mGenerating C++ introspection for ROS interfaces[0m
[1.604s] [ 16%] [34m[1mGenerating C++ type support for eProsima Fast-RTPS[0m
[1.604s] [ 19%] [34m[1mGenerating C++ type support dispatch for ROS interfaces[0m
[1.624s] running egg_info
[1.625s] creating rbpler_interfaces.egg-info
[1.625s] writing rbpler_interfaces.egg-info/PKG-INFO
[1.625s] writing dependency_links to rbpler_interfaces.egg-info/dependency_links.txt
[1.625s] writing top-level names to rbpler_interfaces.egg-info/top_level.txt
[1.625s] writing manifest file 'rbpler_interfaces.egg-info/SOURCES.txt'
[1.627s] reading manifest file 'rbpler_interfaces.egg-info/SOURCES.txt'
[1.627s] writing manifest file 'rbpler_interfaces.egg-info/SOURCES.txt'
[1.665s] [ 22%] [32m[1mLinking C shared library librbpler_interfaces__rosidl_generator_c.so[0m
[1.669s] [ 22%] Built target ament_cmake_python_build_rbpler_interfaces_egg
[1.698s] [ 22%] Built target rbpler_interfaces__rosidl_generator_c
[1.708s] [ 32%] [34m[1mGenerating C type support for eProsima Fast-RTPS[0m
[1.708s] [ 32%] [34m[1mGenerating C introspection for ROS interfaces[0m
[1.708s] [ 32%] [34m[1mGenerating C type support dispatch for ROS interfaces[0m
[1.794s] [ 35%] [32mBuilding CXX object CMakeFiles/rbpler_interfaces__rosidl_typesupport_cpp.dir/rosidl_typesupport_cpp/rbpler_interfaces/srv/set_string__type_support.cpp.o[0m
[1.804s] [ 38%] [32mBuilding CXX object CMakeFiles/rbpler_interfaces__rosidl_typesupport_introspection_cpp.dir/rosidl_typesupport_introspection_cpp/rbpler_interfaces/srv/detail/set_string__type_support.cpp.o[0m
[1.854s] [ 41%] [32mBuilding CXX object CMakeFiles/rbpler_interfaces__rosidl_typesupport_fastrtps_cpp.dir/rosidl_typesupport_fastrtps_cpp/rbpler_interfaces/srv/detail/dds_fastrtps/set_string__type_support.cpp.o[0m
[1.898s] [ 45%] [32mBuilding CXX object CMakeFiles/rbpler_interfaces__rosidl_typesupport_c.dir/rosidl_typesupport_c/rbpler_interfaces/srv/set_string__type_support.cpp.o[0m
[1.931s] [ 48%] [32m[1mLinking CXX shared library librbpler_interfaces__rosidl_typesupport_c.so[0m
[1.934s] [ 51%] [32mBuilding C object CMakeFiles/rbpler_interfaces__rosidl_typesupport_introspection_c.dir/rosidl_typesupport_introspection_c/rbpler_interfaces/srv/detail/set_string__type_support.c.o[0m
[1.938s] [ 54%] [32mBuilding CXX object CMakeFiles/rbpler_interfaces__rosidl_typesupport_fastrtps_c.dir/rosidl_typesupport_fastrtps_c/rbpler_interfaces/srv/detail/set_string__type_support_c.cpp.o[0m
[1.970s] [ 58%] [32m[1mLinking C shared library librbpler_interfaces__rosidl_typesupport_introspection_c.so[0m
[1.972s] [ 58%] Built target rbpler_interfaces__rosidl_typesupport_c
[2.000s] [ 58%] Built target rbpler_interfaces__rosidl_typesupport_introspection_c
[2.032s] [ 61%] [32m[1mLinking CXX shared library librbpler_interfaces__rosidl_typesupport_cpp.so[0m
[2.076s] [ 61%] Built target rbpler_interfaces__rosidl_typesupport_cpp
[2.173s] [ 64%] [32m[1mLinking CXX shared library librbpler_interfaces__rosidl_typesupport_introspection_cpp.so[0m
[2.219s] [ 67%] [32m[1mLinking CXX shared library librbpler_interfaces__rosidl_typesupport_fastrtps_c.so[0m
[2.231s] [ 67%] Built target rbpler_interfaces__rosidl_typesupport_introspection_cpp
[2.233s] [ 70%] [32m[1mLinking CXX shared library librbpler_interfaces__rosidl_typesupport_fastrtps_cpp.so[0m
[2.288s] [ 70%] Built target rbpler_interfaces__rosidl_typesupport_fastrtps_c
[2.298s] [ 70%] Built target rbpler_interfaces__rosidl_typesupport_fastrtps_cpp
[2.316s] [ 70%] Built target rbpler_interfaces
[2.336s] [ 74%] [34m[1mGenerating Python code for ROS interfaces[0m
[2.598s] [ 74%] Built target rbpler_interfaces__py
[2.615s] [ 77%] [32mBuilding C object CMakeFiles/rbpler_interfaces__rosidl_generator_py.dir/rosidl_generator_py/rbpler_interfaces/srv/_set_string_s.c.o[0m
[2.719s] [ 80%] [32m[1mLinking C shared library rosidl_generator_py/rbpler_interfaces/librbpler_interfaces__rosidl_generator_py.so[0m
[2.752s] [ 80%] Built target rbpler_interfaces__rosidl_generator_py
[2.770s] [ 90%] [32mBuilding C object CMakeFiles/rbpler_interfaces__rosidl_typesupport_c__pyext.dir/rosidl_generator_py/rbpler_interfaces/_rbpler_interfaces_s.ep.rosidl_typesupport_c.c.o[0m
[2.770s] [ 90%] [32mBuilding C object CMakeFiles/rbpler_interfaces__rosidl_typesupport_fastrtps_c__pyext.dir/rosidl_generator_py/rbpler_interfaces/_rbpler_interfaces_s.ep.rosidl_typesupport_fastrtps_c.c.o[0m
[2.770s] [ 90%] [32mBuilding C object CMakeFiles/rbpler_interfaces__rosidl_typesupport_introspection_c__pyext.dir/rosidl_generator_py/rbpler_interfaces/_rbpler_interfaces_s.ep.rosidl_typesupport_introspection_c.c.o[0m
[2.843s] [ 93%] [32m[1mLinking C shared library rosidl_generator_py/rbpler_interfaces/rbpler_interfaces_s__rosidl_typesupport_c.cpython-310-x86_64-linux-gnu.so[0m
[2.847s] [ 96%] [32m[1mLinking C shared library rosidl_generator_py/rbpler_interfaces/rbpler_interfaces_s__rosidl_typesupport_fastrtps_c.cpython-310-x86_64-linux-gnu.so[0m
[2.848s] [100%] [32m[1mLinking C shared library rosidl_generator_py/rbpler_interfaces/rbpler_interfaces_s__rosidl_typesupport_introspection_c.cpython-310-x86_64-linux-gnu.so[0m
[2.873s] [100%] Built target rbpler_interfaces__rosidl_typesupport_c__pyext
[2.877s] [100%] Built target rbpler_interfaces__rosidl_typesupport_fastrtps_c__pyext
[2.877s] [100%] Built target rbpler_interfaces__rosidl_typesupport_introspection_c__pyext
[2.887s] Invoked command in '/home/phuc/working/reset_entry/ws_2/build/rbpler_interfaces' returned '0': CMAKE_PREFIX_PATH=${CMAKE_PREFIX_PATH}:/home/phuc/working/reset_entry/install/robot_planner:/home/phuc/working/reset_entry/ws_2/install/robot_planner:/home/phuc/working/ws_2_copy/install/robot_planner:/opt/ros/humble /usr/bin/cmake --build /home/phuc/working/reset_entry/ws_2/build/rbpler_interfaces -- -j12 -l12
[2.951s] Invoking command in '/home/phuc/working/reset_entry/ws_2/build/rbpler_interfaces': CMAKE_PREFIX_PATH=${CMAKE_PREFIX_PATH}:/home/phuc/working/reset_entry/install/robot_planner:/home/phuc/working/reset_entry/ws_2/install/robot_planner:/home/phuc/working/ws_2_copy/install/robot_planner:/opt/ros/humble /usr/bin/cmake --install /home/phuc/working/reset_entry/ws_2/build/rbpler_interfaces
[2.958s] -- Install configuration: ""
[2.958s] -- Installing: /home/phuc/working/reset_entry/ws_2/install/rbpler_interfaces/share/ament_index/resource_index/rosidl_interfaces/rbpler_interfaces
[2.958s] -- Installing: /home/phuc/working/reset_entry/ws_2/install/rbpler_interfaces/include/rbpler_interfaces/rbpler_interfaces
[2.959s] -- Installing: /home/phuc/working/reset_entry/ws_2/install/rbpler_interfaces/include/rbpler_interfaces/rbpler_interfaces/msg
[2.959s] -- Installing: /home/phuc/working/reset_entry/ws_2/install/rbpler_interfaces/include/rbpler_interfaces/rbpler_interfaces/msg/rosidl_generator_c__visibility_control.h
[2.959s] -- Installing: /home/phuc/working/reset_entry/ws_2/install/rbpler_interfaces/include/rbpler_interfaces/rbpler_interfaces/srv
[2.959s] -- Installing: /home/phuc/working/reset_entry/ws_2/install/rbpler_interfaces/include/rbpler_interfaces/rbpler_interfaces/srv/detail
[2.959s] -- Installing: /home/phuc/working/reset_entry/ws_2/install/rbpler_interfaces/include/rbpler_interfaces/rbpler_interfaces/srv/detail/set_string__type_support.h
[2.959s] -- Installing: /home/phuc/working/reset_entry/ws_2/install/rbpler_interfaces/include/rbpler_interfaces/rbpler_interfaces/srv/detail/set_string__functions.c
[2.959s] -- Installing: /home/phuc/working/reset_entry/ws_2/install/rbpler_interfaces/include/rbpler_interfaces/rbpler_interfaces/srv/detail/set_string__functions.h
[2.959s] -- Installing: /home/phuc/working/reset_entry/ws_2/install/rbpler_interfaces/include/rbpler_interfaces/rbpler_interfaces/srv/detail/set_string__struct.h
[2.959s] -- Installing: /home/phuc/working/reset_entry/ws_2/install/rbpler_interfaces/include/rbpler_interfaces/rbpler_interfaces/srv/set_string.h
[2.960s] -- Installing: /home/phuc/working/reset_entry/ws_2/install/rbpler_interfaces/share/rbpler_interfaces/environment/library_path.sh
[2.960s] -- Installing: /home/phuc/working/reset_entry/ws_2/install/rbpler_interfaces/share/rbpler_interfaces/environment/library_path.dsv
[2.960s] -- Installing: /home/phuc/working/reset_entry/ws_2/install/rbpler_interfaces/lib/librbpler_interfaces__rosidl_generator_c.so
[2.960s] -- Set runtime path of "/home/phuc/working/reset_entry/ws_2/install/rbpler_interfaces/lib/librbpler_interfaces__rosidl_generator_c.so" to ""
[2.960s] -- Up-to-date: /home/phuc/working/reset_entry/ws_2/install/rbpler_interfaces/include/rbpler_interfaces/rbpler_interfaces
[2.961s] -- Up-to-date: /home/phuc/working/reset_entry/ws_2/install/rbpler_interfaces/include/rbpler_interfaces/rbpler_interfaces/msg
[2.961s] -- Installing: /home/phuc/working/reset_entry/ws_2/install/rbpler_interfaces/include/rbpler_interfaces/rbpler_interfaces/msg/rosidl_typesupport_fastrtps_c__visibility_control.h
[2.961s] -- Up-to-date: /home/phuc/working/reset_entry/ws_2/install/rbpler_interfaces/include/rbpler_interfaces/rbpler_interfaces/srv
[2.961s] -- Up-to-date: /home/phuc/working/reset_entry/ws_2/install/rbpler_interfaces/include/rbpler_interfaces/rbpler_interfaces/srv/detail
[2.961s] -- Installing: /home/phuc/working/reset_entry/ws_2/install/rbpler_interfaces/include/rbpler_interfaces/rbpler_interfaces/srv/detail/set_string__rosidl_typesupport_fastrtps_c.h
[2.961s] -- Installing: /home/phuc/working/reset_entry/ws_2/install/rbpler_interfaces/lib/librbpler_interfaces__rosidl_typesupport_fastrtps_c.so
[2.961s] -- Set runtime path of "/home/phuc/working/reset_entry/ws_2/install/rbpler_interfaces/lib/librbpler_interfaces__rosidl_typesupport_fastrtps_c.so" to ""
[2.961s] -- Up-to-date: /home/phuc/working/reset_entry/ws_2/install/rbpler_interfaces/include/rbpler_interfaces/rbpler_interfaces
[2.961s] -- Up-to-date: /home/phuc/working/reset_entry/ws_2/install/rbpler_interfaces/include/rbpler_interfaces/rbpler_interfaces/msg
[2.961s] -- Installing: /home/phuc/working/reset_entry/ws_2/install/rbpler_interfaces/include/rbpler_interfaces/rbpler_interfaces/msg/rosidl_typesupport_introspection_c__visibility_control.h
[2.962s] -- Up-to-date: /home/phuc/working/reset_entry/ws_2/install/rbpler_interfaces/include/rbpler_interfaces/rbpler_interfaces/srv
[2.962s] -- Up-to-date: /home/phuc/working/reset_entry/ws_2/install/rbpler_interfaces/include/rbpler_interfaces/rbpler_interfaces/srv/detail
[2.962s] -- Installing: /home/phuc/working/reset_entry/ws_2/install/rbpler_interfaces/include/rbpler_interfaces/rbpler_interfaces/srv/detail/set_string__type_support.c
[2.962s] -- Installing: /home/phuc/working/reset_entry/ws_2/install/rbpler_interfaces/include/rbpler_interfaces/rbpler_interfaces/srv/detail/set_string__rosidl_typesupport_introspection_c.h
[2.962s] -- Installing: /home/phuc/working/reset_entry/ws_2/install/rbpler_interfaces/lib/librbpler_interfaces__rosidl_typesupport_introspection_c.so
[2.962s] -- Set runtime path of "/home/phuc/working/reset_entry/ws_2/install/rbpler_interfaces/lib/librbpler_interfaces__rosidl_typesupport_introspection_c.so" to ""
[2.962s] -- Installing: /home/phuc/working/reset_entry/ws_2/install/rbpler_interfaces/lib/librbpler_interfaces__rosidl_typesupport_c.so
[2.962s] -- Set runtime path of "/home/phuc/working/reset_entry/ws_2/install/rbpler_interfaces/lib/librbpler_interfaces__rosidl_typesupport_c.so" to ""
[2.963s] -- Up-to-date: /home/phuc/working/reset_entry/ws_2/install/rbpler_interfaces/include/rbpler_interfaces/rbpler_interfaces
[2.963s] -- Up-to-date: /home/phuc/working/reset_entry/ws_2/install/rbpler_interfaces/include/rbpler_interfaces/rbpler_interfaces/srv
[2.963s] -- Up-to-date: /home/phuc/working/reset_entry/ws_2/install/rbpler_interfaces/include/rbpler_interfaces/rbpler_interfaces/srv/detail
[2.963s] -- Installing: /home/phuc/working/reset_entry/ws_2/install/rbpler_interfaces/include/rbpler_interfaces/rbpler_interfaces/srv/detail/set_string__struct.hpp
[2.963s] -- Installing: /home/phuc/working/reset_entry/ws_2/install/rbpler_interfaces/include/rbpler_interfaces/rbpler_interfaces/srv/detail/set_string__traits.hpp
[2.963s] -- Installing: /home/phuc/working/reset_entry/ws_2/install/rbpler_interfaces/include/rbpler_interfaces/rbpler_interfaces/srv/detail/set_string__builder.hpp
[2.963s] -- Installing: /home/phuc/working/reset_entry/ws_2/install/rbpler_interfaces/include/rbpler_interfaces/rbpler_interfaces/srv/set_string.hpp
[2.963s] -- Up-to-date: /home/phuc/working/reset_entry/ws_2/install/rbpler_interfaces/include/rbpler_interfaces/rbpler_interfaces
[2.963s] -- Up-to-date: /home/phuc/working/reset_entry/ws_2/install/rbpler_interfaces/include/rbpler_interfaces/rbpler_interfaces/msg
[2.963s] -- Installing: /home/phuc/working/reset_entry/ws_2/install/rbpler_interfaces/include/rbpler_interfaces/rbpler_interfaces/msg/rosidl_typesupport_fastrtps_cpp__visibility_control.h
[2.963s] -- Up-to-date: /home/phuc/working/reset_entry/ws_2/install/rbpler_interfaces/include/rbpler_interfaces/rbpler_interfaces/srv
[2.963s] -- Up-to-date: /home/phuc/working/reset_entry/ws_2/install/rbpler_interfaces/include/rbpler_interfaces/rbpler_interfaces/srv/detail
[2.963s] -- Installing: /home/phuc/working/reset_entry/ws_2/install/rbpler_interfaces/include/rbpler_interfaces/rbpler_interfaces/srv/detail/set_string__rosidl_typesupport_fastrtps_cpp.hpp
[2.963s] -- Installing: /home/phuc/working/reset_entry/ws_2/install/rbpler_interfaces/include/rbpler_interfaces/rbpler_interfaces/srv/detail/dds_fastrtps
[2.964s] -- Installing: /home/phuc/working/reset_entry/ws_2/install/rbpler_interfaces/lib/librbpler_interfaces__rosidl_typesupport_fastrtps_cpp.so
[2.964s] -- Set runtime path of "/home/phuc/working/reset_entry/ws_2/install/rbpler_interfaces/lib/librbpler_interfaces__rosidl_typesupport_fastrtps_cpp.so" to ""
[2.964s] -- Up-to-date: /home/phuc/working/reset_entry/ws_2/install/rbpler_interfaces/include/rbpler_interfaces/rbpler_interfaces
[2.964s] -- Up-to-date: /home/phuc/working/reset_entry/ws_2/install/rbpler_interfaces/include/rbpler_interfaces/rbpler_interfaces/srv
[2.964s] -- Up-to-date: /home/phuc/working/reset_entry/ws_2/install/rbpler_interfaces/include/rbpler_interfaces/rbpler_interfaces/srv/detail
[2.964s] -- Installing: /home/phuc/working/reset_entry/ws_2/install/rbpler_interfaces/include/rbpler_interfaces/rbpler_interfaces/srv/detail/set_string__rosidl_typesupport_introspection_cpp.hpp
[2.964s] -- Installing: /home/phuc/working/reset_entry/ws_2/install/rbpler_interfaces/include/rbpler_interfaces/rbpler_interfaces/srv/detail/set_string__type_support.cpp
[2.964s] -- Installing: /home/phuc/working/reset_entry/ws_2/install/rbpler_interfaces/lib/librbpler_interfaces__rosidl_typesupport_introspection_cpp.so
[2.965s] -- Set runtime path of "/home/phuc/working/reset_entry/ws_2/install/rbpler_interfaces/lib/librbpler_interfaces__rosidl_typesupport_introspection_cpp.so" to ""
[2.965s] -- Installing: /home/phuc/working/reset_entry/ws_2/install/rbpler_interfaces/lib/librbpler_interfaces__rosidl_typesupport_cpp.so
[2.965s] -- Set runtime path of "/home/phuc/working/reset_entry/ws_2/install/rbpler_interfaces/lib/librbpler_interfaces__rosidl_typesupport_cpp.so" to ""
[2.965s] -- Installing: /home/phuc/working/reset_entry/ws_2/install/rbpler_interfaces/share/rbpler_interfaces/environment/pythonpath.sh
[2.965s] -- Installing: /home/phuc/working/reset_entry/ws_2/install/rbpler_interfaces/share/rbpler_interfaces/environment/pythonpath.dsv
[2.965s] -- Installing: /home/phuc/working/reset_entry/ws_2/install/rbpler_interfaces/local/lib/python3.10/dist-packages/rbpler_interfaces-0.0.0-py3.10.egg-info
[2.965s] -- Installing: /home/phuc/working/reset_entry/ws_2/install/rbpler_interfaces/local/lib/python3.10/dist-packages/rbpler_interfaces-0.0.0-py3.10.egg-info/SOURCES.txt
[2.965s] -- Installing: /home/phuc/working/reset_entry/ws_2/install/rbpler_interfaces/local/lib/python3.10/dist-packages/rbpler_interfaces-0.0.0-py3.10.egg-info/PKG-INFO
[2.966s] -- Installing: /home/phuc/working/reset_entry/ws_2/install/rbpler_interfaces/local/lib/python3.10/dist-packages/rbpler_interfaces-0.0.0-py3.10.egg-info/dependency_links.txt
[2.966s] -- Installing: /home/phuc/working/reset_entry/ws_2/install/rbpler_interfaces/local/lib/python3.10/dist-packages/rbpler_interfaces-0.0.0-py3.10.egg-info/top_level.txt
[2.966s] -- Installing: /home/phuc/working/reset_entry/ws_2/install/rbpler_interfaces/local/lib/python3.10/dist-packages/rbpler_interfaces
[2.966s] -- Installing: /home/phuc/working/reset_entry/ws_2/install/rbpler_interfaces/local/lib/python3.10/dist-packages/rbpler_interfaces/librbpler_interfaces__rosidl_generator_py.so
[2.966s] -- Installing: /home/phuc/working/reset_entry/ws_2/install/rbpler_interfaces/local/lib/python3.10/dist-packages/rbpler_interfaces/rbpler_interfaces_s__rosidl_typesupport_introspection_c.cpython-310-x86_64-linux-gnu.so
[2.966s] -- Installing: /home/phuc/working/reset_entry/ws_2/install/rbpler_interfaces/local/lib/python3.10/dist-packages/rbpler_interfaces/rbpler_interfaces_s__rosidl_typesupport_fastrtps_c.cpython-310-x86_64-linux-gnu.so
[2.966s] -- Installing: /home/phuc/working/reset_entry/ws_2/install/rbpler_interfaces/local/lib/python3.10/dist-packages/rbpler_interfaces/_rbpler_interfaces_s.ep.rosidl_typesupport_c.c
[2.966s] -- Installing: /home/phuc/working/reset_entry/ws_2/install/rbpler_interfaces/local/lib/python3.10/dist-packages/rbpler_interfaces/srv
[2.967s] -- Installing: /home/phuc/working/reset_entry/ws_2/install/rbpler_interfaces/local/lib/python3.10/dist-packages/rbpler_interfaces/srv/__init__.py
[2.967s] -- Installing: /home/phuc/working/reset_entry/ws_2/install/rbpler_interfaces/local/lib/python3.10/dist-packages/rbpler_interfaces/srv/_set_string.py
[2.967s] -- Installing: /home/phuc/working/reset_entry/ws_2/install/rbpler_interfaces/local/lib/python3.10/dist-packages/rbpler_interfaces/srv/_set_string_s.c
[2.967s] -- Installing: /home/phuc/working/reset_entry/ws_2/install/rbpler_interfaces/local/lib/python3.10/dist-packages/rbpler_interfaces/__init__.py
[2.967s] -- Installing: /home/phuc/working/reset_entry/ws_2/install/rbpler_interfaces/local/lib/python3.10/dist-packages/rbpler_interfaces/_rbpler_interfaces_s.ep.rosidl_typesupport_fastrtps_c.c
[2.967s] -- Installing: /home/phuc/working/reset_entry/ws_2/install/rbpler_interfaces/local/lib/python3.10/dist-packages/rbpler_interfaces/_rbpler_interfaces_s.ep.rosidl_typesupport_introspection_c.c
[2.967s] -- Installing: /home/phuc/working/reset_entry/ws_2/install/rbpler_interfaces/local/lib/python3.10/dist-packages/rbpler_interfaces/rbpler_interfaces_s__rosidl_typesupport_c.cpython-310-x86_64-linux-gnu.so
[3.002s] Listing '/home/phuc/working/reset_entry/ws_2/install/rbpler_interfaces/local/lib/python3.10/dist-packages/rbpler_interfaces'...
[3.002s] Compiling '/home/phuc/working/reset_entry/ws_2/install/rbpler_interfaces/local/lib/python3.10/dist-packages/rbpler_interfaces/__init__.py'...
[3.002s] Listing '/home/phuc/working/reset_entry/ws_2/install/rbpler_interfaces/local/lib/python3.10/dist-packages/rbpler_interfaces/srv'...
[3.002s] Compiling '/home/phuc/working/reset_entry/ws_2/install/rbpler_interfaces/local/lib/python3.10/dist-packages/rbpler_interfaces/srv/__init__.py'...
[3.002s] Compiling '/home/phuc/working/reset_entry/ws_2/install/rbpler_interfaces/local/lib/python3.10/dist-packages/rbpler_interfaces/srv/_set_string.py'...
[3.005s] -- Installing: /home/phuc/working/reset_entry/ws_2/install/rbpler_interfaces/local/lib/python3.10/dist-packages/rbpler_interfaces/rbpler_interfaces_s__rosidl_typesupport_fastrtps_c.cpython-310-x86_64-linux-gnu.so
[3.006s] -- Set runtime path of "/home/phuc/working/reset_entry/ws_2/install/rbpler_interfaces/local/lib/python3.10/dist-packages/rbpler_interfaces/rbpler_interfaces_s__rosidl_typesupport_fastrtps_c.cpython-310-x86_64-linux-gnu.so" to ""
[3.006s] -- Installing: /home/phuc/working/reset_entry/ws_2/install/rbpler_interfaces/local/lib/python3.10/dist-packages/rbpler_interfaces/rbpler_interfaces_s__rosidl_typesupport_introspection_c.cpython-310-x86_64-linux-gnu.so
[3.006s] -- Set runtime path of "/home/phuc/working/reset_entry/ws_2/install/rbpler_interfaces/local/lib/python3.10/dist-packages/rbpler_interfaces/rbpler_interfaces_s__rosidl_typesupport_introspection_c.cpython-310-x86_64-linux-gnu.so" to ""
[3.006s] -- Installing: /home/phuc/working/reset_entry/ws_2/install/rbpler_interfaces/local/lib/python3.10/dist-packages/rbpler_interfaces/rbpler_interfaces_s__rosidl_typesupport_c.cpython-310-x86_64-linux-gnu.so
[3.007s] -- Set runtime path of "/home/phuc/working/reset_entry/ws_2/install/rbpler_interfaces/local/lib/python3.10/dist-packages/rbpler_interfaces/rbpler_interfaces_s__rosidl_typesupport_c.cpython-310-x86_64-linux-gnu.so" to ""
[3.007s] -- Installing: /home/phuc/working/reset_entry/ws_2/install/rbpler_interfaces/lib/librbpler_interfaces__rosidl_generator_py.so
[3.007s] -- Set runtime path of "/home/phuc/working/reset_entry/ws_2/install/rbpler_interfaces/lib/librbpler_interfaces__rosidl_generator_py.so" to ""
[3.007s] -- Installing: /home/phuc/working/reset_entry/ws_2/install/rbpler_interfaces/share/rbpler_interfaces/srv/SetString.idl
[3.007s] -- Installing: /home/phuc/working/reset_entry/ws_2/install/rbpler_interfaces/share/rbpler_interfaces/srv/SetString.srv
[3.007s] -- Installing: /home/phuc/working/reset_entry/ws_2/install/rbpler_interfaces/share/rbpler_interfaces/srv/SetString_Request.msg
[3.007s] -- Installing: /home/phuc/working/reset_entry/ws_2/install/rbpler_interfaces/share/rbpler_interfaces/srv/SetString_Response.msg
[3.008s] -- Installing: /home/phuc/working/reset_entry/ws_2/install/rbpler_interfaces/share/ament_index/resource_index/package_run_dependencies/rbpler_interfaces
[3.008s] -- Installing: /home/phuc/working/reset_entry/ws_2/install/rbpler_interfaces/share/ament_index/resource_index/parent_prefix_path/rbpler_interfaces
[3.008s] -- Installing: /home/phuc/working/reset_entry/ws_2/install/rbpler_interfaces/share/rbpler_interfaces/environment/ament_prefix_path.sh
[3.008s] -- Installing: /home/phuc/working/reset_entry/ws_2/install/rbpler_interfaces/share/rbpler_interfaces/environment/ament_prefix_path.dsv
[3.008s] -- Installing: /home/phuc/working/reset_entry/ws_2/install/rbpler_interfaces/share/rbpler_interfaces/environment/path.sh
[3.008s] -- Installing: /home/phuc/working/reset_entry/ws_2/install/rbpler_interfaces/share/rbpler_interfaces/environment/path.dsv
[3.008s] -- Installing: /home/phuc/working/reset_entry/ws_2/install/rbpler_interfaces/share/rbpler_interfaces/local_setup.bash
[3.009s] -- Installing: /home/phuc/working/reset_entry/ws_2/install/rbpler_interfaces/share/rbpler_interfaces/local_setup.sh
[3.009s] -- Installing: /home/phuc/working/reset_entry/ws_2/install/rbpler_interfaces/share/rbpler_interfaces/local_setup.zsh
[3.009s] -- Installing: /home/phuc/working/reset_entry/ws_2/install/rbpler_interfaces/share/rbpler_interfaces/local_setup.dsv
[3.009s] -- Installing: /home/phuc/working/reset_entry/ws_2/install/rbpler_interfaces/share/rbpler_interfaces/package.dsv
[3.009s] -- Installing: /home/phuc/working/reset_entry/ws_2/install/rbpler_interfaces/share/ament_index/resource_index/packages/rbpler_interfaces
[3.009s] -- Installing: /home/phuc/working/reset_entry/ws_2/install/rbpler_interfaces/share/rbpler_interfaces/cmake/export_rbpler_interfaces__rosidl_generator_cExport.cmake
[3.009s] -- Installing: /home/phuc/working/reset_entry/ws_2/install/rbpler_interfaces/share/rbpler_interfaces/cmake/export_rbpler_interfaces__rosidl_generator_cExport-noconfig.cmake
[3.010s] -- Installing: /home/phuc/working/reset_entry/ws_2/install/rbpler_interfaces/share/rbpler_interfaces/cmake/export_rbpler_interfaces__rosidl_typesupport_fastrtps_cExport.cmake
[3.010s] -- Installing: /home/phuc/working/reset_entry/ws_2/install/rbpler_interfaces/share/rbpler_interfaces/cmake/export_rbpler_interfaces__rosidl_typesupport_fastrtps_cExport-noconfig.cmake
[3.010s] -- Installing: /home/phuc/working/reset_entry/ws_2/install/rbpler_interfaces/share/rbpler_interfaces/cmake/rbpler_interfaces__rosidl_typesupport_introspection_cExport.cmake
[3.010s] -- Installing: /home/phuc/working/reset_entry/ws_2/install/rbpler_interfaces/share/rbpler_interfaces/cmake/rbpler_interfaces__rosidl_typesupport_introspection_cExport-noconfig.cmake
[3.010s] -- Installing: /home/phuc/working/reset_entry/ws_2/install/rbpler_interfaces/share/rbpler_interfaces/cmake/rbpler_interfaces__rosidl_typesupport_cExport.cmake
[3.010s] -- Installing: /home/phuc/working/reset_entry/ws_2/install/rbpler_interfaces/share/rbpler_interfaces/cmake/rbpler_interfaces__rosidl_typesupport_cExport-noconfig.cmake
[3.010s] -- Installing: /home/phuc/working/reset_entry/ws_2/install/rbpler_interfaces/share/rbpler_interfaces/cmake/export_rbpler_interfaces__rosidl_generator_cppExport.cmake
[3.011s] -- Installing: /home/phuc/working/reset_entry/ws_2/install/rbpler_interfaces/share/rbpler_interfaces/cmake/export_rbpler_interfaces__rosidl_typesupport_fastrtps_cppExport.cmake
[3.011s] -- Installing: /home/phuc/working/reset_entry/ws_2/install/rbpler_interfaces/share/rbpler_interfaces/cmake/export_rbpler_interfaces__rosidl_typesupport_fastrtps_cppExport-noconfig.cmake
[3.011s] -- Installing: /home/phuc/working/reset_entry/ws_2/install/rbpler_interfaces/share/rbpler_interfaces/cmake/rbpler_interfaces__rosidl_typesupport_introspection_cppExport.cmake
[3.011s] -- Installing: /home/phuc/working/reset_entry/ws_2/install/rbpler_interfaces/share/rbpler_interfaces/cmake/rbpler_interfaces__rosidl_typesupport_introspection_cppExport-noconfig.cmake
[3.011s] -- Installing: /home/phuc/working/reset_entry/ws_2/install/rbpler_interfaces/share/rbpler_interfaces/cmake/rbpler_interfaces__rosidl_typesupport_cppExport.cmake
[3.011s] -- Installing: /home/phuc/working/reset_entry/ws_2/install/rbpler_interfaces/share/rbpler_interfaces/cmake/rbpler_interfaces__rosidl_typesupport_cppExport-noconfig.cmake
[3.012s] -- Installing: /home/phuc/working/reset_entry/ws_2/install/rbpler_interfaces/share/rbpler_interfaces/cmake/export_rbpler_interfaces__rosidl_generator_pyExport.cmake
[3.012s] -- Installing: /home/phuc/working/reset_entry/ws_2/install/rbpler_interfaces/share/rbpler_interfaces/cmake/export_rbpler_interfaces__rosidl_generator_pyExport-noconfig.cmake
[3.012s] -- Installing: /home/phuc/working/reset_entry/ws_2/install/rbpler_interfaces/share/rbpler_interfaces/cmake/rosidl_cmake-extras.cmake
[3.012s] -- Installing: /home/phuc/working/reset_entry/ws_2/install/rbpler_interfaces/share/rbpler_interfaces/cmake/ament_cmake_export_include_directories-extras.cmake
[3.012s] -- Installing: /home/phuc/working/reset_entry/ws_2/install/rbpler_interfaces/share/rbpler_interfaces/cmake/ament_cmake_export_libraries-extras.cmake
[3.012s] -- Installing: /home/phuc/working/reset_entry/ws_2/install/rbpler_interfaces/share/rbpler_interfaces/cmake/ament_cmake_export_targets-extras.cmake
[3.012s] -- Installing: /home/phuc/working/reset_entry/ws_2/install/rbpler_interfaces/share/rbpler_interfaces/cmake/rosidl_cmake_export_typesupport_targets-extras.cmake
[3.012s] -- Installing: /home/phuc/working/reset_entry/ws_2/install/rbpler_interfaces/share/rbpler_interfaces/cmake/ament_cmake_export_dependencies-extras.cmake
[3.013s] -- Installing: /home/phuc/working/reset_entry/ws_2/install/rbpler_interfaces/share/rbpler_interfaces/cmake/rosidl_cmake_export_typesupport_libraries-extras.cmake
[3.013s] -- Installing: /home/phuc/working/reset_entry/ws_2/install/rbpler_interfaces/share/rbpler_interfaces/cmake/rbpler_interfacesConfig.cmake
[3.013s] -- Installing: /home/phuc/working/reset_entry/ws_2/install/rbpler_interfaces/share/rbpler_interfaces/cmake/rbpler_interfacesConfig-version.cmake
[3.013s] -- Installing: /home/phuc/working/reset_entry/ws_2/install/rbpler_interfaces/share/rbpler_interfaces/package.xml
[3.016s] Invoked command in '/home/phuc/working/reset_entry/ws_2/build/rbpler_interfaces' returned '0': CMAKE_PREFIX_PATH=${CMAKE_PREFIX_PATH}:/home/phuc/working/reset_entry/install/robot_planner:/home/phuc/working/reset_entry/ws_2/install/robot_planner:/home/phuc/working/ws_2_copy/install/robot_planner:/opt/ros/humble /usr/bin/cmake --install /home/phuc/working/reset_entry/ws_2/build/rbpler_interfaces
