/home/phuc/working/reset_entry/ws_2/install/robot_planner/lib/python3.10/site-packages/robot_planner/planner_sv2.py
/home/phuc/working/reset_entry/ws_2/install/robot_planner/lib/python3.10/site-packages/robot_planner/__init__.py
/home/phuc/working/reset_entry/ws_2/install/robot_planner/lib/python3.10/site-packages/robot_planner/server.py
/home/phuc/working/reset_entry/ws_2/install/robot_planner/lib/python3.10/site-packages/robot_planner/client.py
/home/phuc/working/reset_entry/ws_2/install/robot_planner/lib/python3.10/site-packages/robot_planner/__pycache__/planner_sv2.cpython-310.pyc
/home/phuc/working/reset_entry/ws_2/install/robot_planner/lib/python3.10/site-packages/robot_planner/__pycache__/__init__.cpython-310.pyc
/home/phuc/working/reset_entry/ws_2/install/robot_planner/lib/python3.10/site-packages/robot_planner/__pycache__/server.cpython-310.pyc
/home/phuc/working/reset_entry/ws_2/install/robot_planner/lib/python3.10/site-packages/robot_planner/__pycache__/client.cpython-310.pyc
/home/phuc/working/reset_entry/ws_2/install/robot_planner/share/ament_index/resource_index/packages/robot_planner
/home/phuc/working/reset_entry/ws_2/install/robot_planner/share/robot_planner/package.xml
/home/phuc/working/reset_entry/ws_2/install/robot_planner/share/robot_planner/launch/test1.launch.py
/home/phuc/working/reset_entry/ws_2/install/robot_planner/share/robot_planner/launch/test2.launch.py
/home/phuc/working/reset_entry/ws_2/install/robot_planner/share/robot_planner
/home/phuc/working/reset_entry/ws_2/install/robot_planner/lib/python3.10/site-packages/robot_planner-0.0.0-py3.10.egg-info/zip-safe
/home/phuc/working/reset_entry/ws_2/install/robot_planner/lib/python3.10/site-packages/robot_planner-0.0.0-py3.10.egg-info/SOURCES.txt
/home/phuc/working/reset_entry/ws_2/install/robot_planner/lib/python3.10/site-packages/robot_planner-0.0.0-py3.10.egg-info/PKG-INFO
/home/phuc/working/reset_entry/ws_2/install/robot_planner/lib/python3.10/site-packages/robot_planner-0.0.0-py3.10.egg-info/dependency_links.txt
/home/phuc/working/reset_entry/ws_2/install/robot_planner/lib/python3.10/site-packages/robot_planner-0.0.0-py3.10.egg-info/entry_points.txt
/home/phuc/working/reset_entry/ws_2/install/robot_planner/lib/python3.10/site-packages/robot_planner-0.0.0-py3.10.egg-info/top_level.txt
/home/phuc/working/reset_entry/ws_2/install/robot_planner/lib/python3.10/site-packages/robot_planner-0.0.0-py3.10.egg-info/requires.txt
/home/phuc/working/reset_entry/ws_2/install/robot_planner/lib/robot_planner/client
/home/phuc/working/reset_entry/ws_2/install/robot_planner/lib/robot_planner/planner_sv2
/home/phuc/working/reset_entry/ws_2/install/robot_planner/lib/robot_planner/server
