[0.085s] DEBUG:colcon:Command line arguments: ['/usr/bin/colcon', 'build', '--packages-select', 'rbpler_interfaces', '--allow-overriding', 'rbpler_interfaces']
[0.085s] DEBUG:colcon:Parsed command line arguments: Namespace(log_base=None, log_level=None, verb_name='build', build_base='build', install_base='install', merge_install=False, symlink_install=False, test_result_base=None, continue_on_error=False, executor='parallel', parallel_workers=12, event_handlers=None, ignore_user_meta=False, metas=['./colcon.meta'], base_paths=['.'], packages_ignore=None, packages_ignore_regex=None, paths=None, packages_up_to=None, packages_up_to_regex=None, packages_above=None, packages_above_and_dependencies=None, packages_above_depth=None, packages_select_by_dep=None, packages_skip_by_dep=None, packages_skip_up_to=None, packages_select_build_failed=False, packages_skip_build_finished=False, packages_select_test_failures=False, packages_skip_test_passed=False, packages_select=['rbpler_interfaces'], packages_skip=None, packages_select_regex=None, packages_skip_regex=None, packages_start=None, packages_end=None, allow_overriding=['rbpler_interfaces'], cmake_args=None, cmake_target=None, cmake_target_skip_unavailable=False, cmake_clean_cache=False, cmake_clean_first=False, cmake_force_configure=False, ament_cmake_args=None, catkin_cmake_args=None, catkin_skip_building_tests=False, verb_parser=<colcon_defaults.argument_parser.defaults.DefaultArgumentsDecorator object at 0x751938dab970>, verb_extension=<colcon_core.verb.build.BuildVerb object at 0x751938dab3a0>, main=<bound method BuildVerb.main of <colcon_core.verb.build.BuildVerb object at 0x751938dab3a0>>)
[0.233s] Level 1:colcon.colcon_core.package_discovery:discover_packages(colcon_meta) check parameters
[0.233s] Level 1:colcon.colcon_core.package_discovery:discover_packages(recursive) check parameters
[0.233s] Level 1:colcon.colcon_core.package_discovery:discover_packages(ignore) check parameters
[0.233s] Level 1:colcon.colcon_core.package_discovery:discover_packages(path) check parameters
[0.233s] Level 1:colcon.colcon_core.package_discovery:discover_packages(colcon_meta) discover
[0.233s] Level 1:colcon.colcon_core.package_discovery:discover_packages(recursive) discover
[0.233s] INFO:colcon.colcon_core.package_discovery:Crawling recursively for packages in '/home/phuc/working/reset_entry/ws_2'
[0.233s] Level 1:colcon.colcon_core.package_identification:_identify(.) by extensions ['ignore', 'ignore_ament_install']
[0.233s] Level 1:colcon.colcon_core.package_identification:_identify(.) by extension 'ignore'
[0.233s] Level 1:colcon.colcon_core.package_identification:_identify(.) by extension 'ignore_ament_install'
[0.234s] Level 1:colcon.colcon_core.package_identification:_identify(.) by extensions ['colcon_pkg']
[0.234s] Level 1:colcon.colcon_core.package_identification:_identify(.) by extension 'colcon_pkg'
[0.234s] Level 1:colcon.colcon_core.package_identification:_identify(.) by extensions ['colcon_meta']
[0.234s] Level 1:colcon.colcon_core.package_identification:_identify(.) by extension 'colcon_meta'
[0.234s] Level 1:colcon.colcon_core.package_identification:_identify(.) by extensions ['ros']
[0.234s] Level 1:colcon.colcon_core.package_identification:_identify(.) by extension 'ros'
[0.250s] Level 1:colcon.colcon_core.package_identification:_identify(.) by extensions ['cmake', 'python']
[0.250s] Level 1:colcon.colcon_core.package_identification:_identify(.) by extension 'cmake'
[0.250s] Level 1:colcon.colcon_core.package_identification:_identify(.) by extension 'python'
[0.250s] Level 1:colcon.colcon_core.package_identification:_identify(.) by extensions ['python_setup_py']
[0.250s] Level 1:colcon.colcon_core.package_identification:_identify(.) by extension 'python_setup_py'
[0.250s] Level 1:colcon.colcon_core.package_identification:_identify(build) by extensions ['ignore', 'ignore_ament_install']
[0.250s] Level 1:colcon.colcon_core.package_identification:_identify(build) by extension 'ignore'
[0.250s] Level 1:colcon.colcon_core.package_identification:_identify(build) ignored
[0.250s] Level 1:colcon.colcon_core.package_identification:_identify(install) by extensions ['ignore', 'ignore_ament_install']
[0.251s] Level 1:colcon.colcon_core.package_identification:_identify(install) by extension 'ignore'
[0.251s] Level 1:colcon.colcon_core.package_identification:_identify(install) ignored
[0.251s] Level 1:colcon.colcon_core.package_identification:_identify(log) by extensions ['ignore', 'ignore_ament_install']
[0.251s] Level 1:colcon.colcon_core.package_identification:_identify(log) by extension 'ignore'
[0.251s] Level 1:colcon.colcon_core.package_identification:_identify(log) ignored
[0.251s] Level 1:colcon.colcon_core.package_identification:_identify(src) by extensions ['ignore', 'ignore_ament_install']
[0.251s] Level 1:colcon.colcon_core.package_identification:_identify(src) by extension 'ignore'
[0.251s] Level 1:colcon.colcon_core.package_identification:_identify(src) by extension 'ignore_ament_install'
[0.251s] Level 1:colcon.colcon_core.package_identification:_identify(src) by extensions ['colcon_pkg']
[0.251s] Level 1:colcon.colcon_core.package_identification:_identify(src) by extension 'colcon_pkg'
[0.251s] Level 1:colcon.colcon_core.package_identification:_identify(src) by extensions ['colcon_meta']
[0.251s] Level 1:colcon.colcon_core.package_identification:_identify(src) by extension 'colcon_meta'
[0.251s] Level 1:colcon.colcon_core.package_identification:_identify(src) by extensions ['ros']
[0.251s] Level 1:colcon.colcon_core.package_identification:_identify(src) by extension 'ros'
[0.251s] Level 1:colcon.colcon_core.package_identification:_identify(src) by extensions ['cmake', 'python']
[0.251s] Level 1:colcon.colcon_core.package_identification:_identify(src) by extension 'cmake'
[0.251s] Level 1:colcon.colcon_core.package_identification:_identify(src) by extension 'python'
[0.251s] Level 1:colcon.colcon_core.package_identification:_identify(src) by extensions ['python_setup_py']
[0.251s] Level 1:colcon.colcon_core.package_identification:_identify(src) by extension 'python_setup_py'
[0.251s] Level 1:colcon.colcon_core.package_identification:_identify(src/rbpler_interfaces) by extensions ['ignore', 'ignore_ament_install']
[0.251s] Level 1:colcon.colcon_core.package_identification:_identify(src/rbpler_interfaces) by extension 'ignore'
[0.251s] Level 1:colcon.colcon_core.package_identification:_identify(src/rbpler_interfaces) by extension 'ignore_ament_install'
[0.251s] Level 1:colcon.colcon_core.package_identification:_identify(src/rbpler_interfaces) by extensions ['colcon_pkg']
[0.251s] Level 1:colcon.colcon_core.package_identification:_identify(src/rbpler_interfaces) by extension 'colcon_pkg'
[0.251s] Level 1:colcon.colcon_core.package_identification:_identify(src/rbpler_interfaces) by extensions ['colcon_meta']
[0.251s] Level 1:colcon.colcon_core.package_identification:_identify(src/rbpler_interfaces) by extension 'colcon_meta'
[0.251s] Level 1:colcon.colcon_core.package_identification:_identify(src/rbpler_interfaces) by extensions ['ros']
[0.252s] Level 1:colcon.colcon_core.package_identification:_identify(src/rbpler_interfaces) by extension 'ros'
[0.253s] DEBUG:colcon.colcon_core.package_identification:Package 'src/rbpler_interfaces' with type 'ros.ament_cmake' and name 'rbpler_interfaces'
[0.253s] Level 1:colcon.colcon_core.package_identification:_identify(src/robot_planner) by extensions ['ignore', 'ignore_ament_install']
[0.253s] Level 1:colcon.colcon_core.package_identification:_identify(src/robot_planner) by extension 'ignore'
[0.253s] Level 1:colcon.colcon_core.package_identification:_identify(src/robot_planner) by extension 'ignore_ament_install'
[0.253s] Level 1:colcon.colcon_core.package_identification:_identify(src/robot_planner) by extensions ['colcon_pkg']
[0.253s] Level 1:colcon.colcon_core.package_identification:_identify(src/robot_planner) by extension 'colcon_pkg'
[0.253s] Level 1:colcon.colcon_core.package_identification:_identify(src/robot_planner) by extensions ['colcon_meta']
[0.254s] Level 1:colcon.colcon_core.package_identification:_identify(src/robot_planner) by extension 'colcon_meta'
[0.254s] Level 1:colcon.colcon_core.package_identification:_identify(src/robot_planner) by extensions ['ros']
[0.254s] Level 1:colcon.colcon_core.package_identification:_identify(src/robot_planner) by extension 'ros'
[0.254s] DEBUG:colcon.colcon_core.package_identification:Package 'src/robot_planner' with type 'ros.ament_python' and name 'robot_planner'
[0.254s] Level 1:colcon.colcon_core.package_discovery:discover_packages(recursive) using defaults
[0.254s] Level 1:colcon.colcon_core.package_discovery:discover_packages(ignore) discover
[0.254s] Level 1:colcon.colcon_core.package_discovery:discover_packages(ignore) using defaults
[0.254s] Level 1:colcon.colcon_core.package_discovery:discover_packages(path) discover
[0.254s] Level 1:colcon.colcon_core.package_discovery:discover_packages(path) using defaults
[0.268s] INFO:colcon.colcon_core.package_selection:Skipping not selected package 'robot_planner' in 'src/robot_planner'
[0.269s] Level 1:colcon.colcon_core.package_discovery:discover_packages(prefix_path) check parameters
[0.269s] Level 1:colcon.colcon_core.package_discovery:discover_packages(prefix_path) discover
[0.269s] WARNING:colcon.colcon_core.prefix_path.colcon:The path '/home/phuc/working/reset_entry/install' in the environment variable COLCON_PREFIX_PATH doesn't exist
[0.269s] WARNING:colcon.colcon_ros.prefix_path.ament:The path '/home/phuc/working/reset_entry/install/robot_planner' in the environment variable AMENT_PREFIX_PATH doesn't exist
[0.269s] WARNING:colcon.colcon_ros.prefix_path.ament:The path '/home/phuc/working/reset_entry/ws_2/install/robot_planner' in the environment variable AMENT_PREFIX_PATH doesn't exist
[0.270s] DEBUG:colcon.colcon_installed_package_information.package_discovery:Found 2 installed packages in /home/phuc/working/ws_2_copy/install
[0.270s] DEBUG:colcon.colcon_installed_package_information.package_discovery:Found 1 installed packages in /home/phuc/working/reset_entry/ws_2/install
[0.272s] DEBUG:colcon.colcon_installed_package_information.package_discovery:Found 384 installed packages in /opt/ros/humble
[0.273s] Level 1:colcon.colcon_core.package_discovery:discover_packages(prefix_path) using defaults
[0.311s] Level 5:colcon.colcon_core.verb:set package 'rbpler_interfaces' build argument 'cmake_args' from command line to 'None'
[0.311s] Level 5:colcon.colcon_core.verb:set package 'rbpler_interfaces' build argument 'cmake_target' from command line to 'None'
[0.311s] Level 5:colcon.colcon_core.verb:set package 'rbpler_interfaces' build argument 'cmake_target_skip_unavailable' from command line to 'False'
[0.311s] Level 5:colcon.colcon_core.verb:set package 'rbpler_interfaces' build argument 'cmake_clean_cache' from command line to 'False'
[0.311s] Level 5:colcon.colcon_core.verb:set package 'rbpler_interfaces' build argument 'cmake_clean_first' from command line to 'False'
[0.311s] Level 5:colcon.colcon_core.verb:set package 'rbpler_interfaces' build argument 'cmake_force_configure' from command line to 'False'
[0.311s] Level 5:colcon.colcon_core.verb:set package 'rbpler_interfaces' build argument 'ament_cmake_args' from command line to 'None'
[0.311s] Level 5:colcon.colcon_core.verb:set package 'rbpler_interfaces' build argument 'catkin_cmake_args' from command line to 'None'
[0.311s] Level 5:colcon.colcon_core.verb:set package 'rbpler_interfaces' build argument 'catkin_skip_building_tests' from command line to 'False'
[0.311s] DEBUG:colcon.colcon_core.verb:Building package 'rbpler_interfaces' with the following arguments: {'ament_cmake_args': None, 'build_base': '/home/phuc/working/reset_entry/ws_2/build/rbpler_interfaces', 'catkin_cmake_args': None, 'catkin_skip_building_tests': False, 'cmake_args': None, 'cmake_clean_cache': False, 'cmake_clean_first': False, 'cmake_force_configure': False, 'cmake_target': None, 'cmake_target_skip_unavailable': False, 'install_base': '/home/phuc/working/reset_entry/ws_2/install/rbpler_interfaces', 'merge_install': False, 'path': '/home/phuc/working/reset_entry/ws_2/src/rbpler_interfaces', 'symlink_install': False, 'test_result_base': None}
[0.311s] INFO:colcon.colcon_core.executor:Executing jobs using 'parallel' executor
[0.312s] DEBUG:colcon.colcon_parallel_executor.executor.parallel:run_until_complete
[0.313s] INFO:colcon.colcon_ros.task.ament_cmake.build:Building ROS package in '/home/phuc/working/reset_entry/ws_2/src/rbpler_interfaces' with build type 'ament_cmake'
[0.313s] INFO:colcon.colcon_cmake.task.cmake.build:Building CMake package in '/home/phuc/working/reset_entry/ws_2/src/rbpler_interfaces'
[0.314s] INFO:colcon.colcon_core.plugin_system:Skipping extension 'colcon_core.shell.bat': Not used on non-Windows systems
[0.314s] INFO:colcon.colcon_core.shell:Skip shell extension 'powershell' for command environment: Not usable outside of PowerShell
[0.314s] DEBUG:colcon.colcon_core.shell:Skip shell extension 'dsv' for command environment
[0.323s] DEBUG:colcon.colcon_core.event_handler.log_command:Invoking command in '/home/phuc/working/reset_entry/ws_2/build/rbpler_interfaces': CMAKE_PREFIX_PATH=${CMAKE_PREFIX_PATH}:/home/phuc/working/reset_entry/install/robot_planner:/home/phuc/working/reset_entry/ws_2/install/robot_planner:/home/phuc/working/ws_2_copy/install/robot_planner:/opt/ros/humble /usr/bin/cmake --build /home/phuc/working/reset_entry/ws_2/build/rbpler_interfaces -- -j12 -l12
[0.627s] DEBUG:colcon.colcon_core.event_handler.log_command:Invoked command in '/home/phuc/working/reset_entry/ws_2/build/rbpler_interfaces' returned '0': CMAKE_PREFIX_PATH=${CMAKE_PREFIX_PATH}:/home/phuc/working/reset_entry/install/robot_planner:/home/phuc/working/reset_entry/ws_2/install/robot_planner:/home/phuc/working/ws_2_copy/install/robot_planner:/opt/ros/humble /usr/bin/cmake --build /home/phuc/working/reset_entry/ws_2/build/rbpler_interfaces -- -j12 -l12
[0.693s] DEBUG:colcon.colcon_core.event_handler.log_command:Invoking command in '/home/phuc/working/reset_entry/ws_2/build/rbpler_interfaces': CMAKE_PREFIX_PATH=${CMAKE_PREFIX_PATH}:/home/phuc/working/reset_entry/install/robot_planner:/home/phuc/working/reset_entry/ws_2/install/robot_planner:/home/phuc/working/ws_2_copy/install/robot_planner:/opt/ros/humble /usr/bin/cmake --install /home/phuc/working/reset_entry/ws_2/build/rbpler_interfaces
[0.737s] Level 1:colcon.colcon_core.environment:create_environment_scripts_only(rbpler_interfaces)
[0.737s] DEBUG:colcon.colcon_core.event_handler.log_command:Invoked command in '/home/phuc/working/reset_entry/ws_2/build/rbpler_interfaces' returned '0': CMAKE_PREFIX_PATH=${CMAKE_PREFIX_PATH}:/home/phuc/working/reset_entry/install/robot_planner:/home/phuc/working/reset_entry/ws_2/install/robot_planner:/home/phuc/working/ws_2_copy/install/robot_planner:/opt/ros/humble /usr/bin/cmake --install /home/phuc/working/reset_entry/ws_2/build/rbpler_interfaces
[0.739s] Level 1:colcon.colcon_core.environment:checking '/home/phuc/working/reset_entry/ws_2/install/rbpler_interfaces' for CMake module files
[0.740s] Level 1:colcon.colcon_core.environment:checking '/home/phuc/working/reset_entry/ws_2/install/rbpler_interfaces' for CMake config files
[0.740s] Level 1:colcon.colcon_core.shell:create_environment_hook('rbpler_interfaces', 'cmake_prefix_path')
[0.740s] INFO:colcon.colcon_core.shell:Creating environment hook '/home/phuc/working/reset_entry/ws_2/install/rbpler_interfaces/share/rbpler_interfaces/hook/cmake_prefix_path.ps1'
[0.741s] INFO:colcon.colcon_core.shell:Creating environment descriptor '/home/phuc/working/reset_entry/ws_2/install/rbpler_interfaces/share/rbpler_interfaces/hook/cmake_prefix_path.dsv'
[0.741s] INFO:colcon.colcon_core.shell:Creating environment hook '/home/phuc/working/reset_entry/ws_2/install/rbpler_interfaces/share/rbpler_interfaces/hook/cmake_prefix_path.sh'
[0.742s] Level 1:colcon.colcon_core.environment:checking '/home/phuc/working/reset_entry/ws_2/install/rbpler_interfaces/lib'
[0.742s] Level 1:colcon.colcon_core.shell:create_environment_hook('rbpler_interfaces', 'ld_library_path_lib')
[0.743s] INFO:colcon.colcon_core.shell:Creating environment hook '/home/phuc/working/reset_entry/ws_2/install/rbpler_interfaces/share/rbpler_interfaces/hook/ld_library_path_lib.ps1'
[0.743s] INFO:colcon.colcon_core.shell:Creating environment descriptor '/home/phuc/working/reset_entry/ws_2/install/rbpler_interfaces/share/rbpler_interfaces/hook/ld_library_path_lib.dsv'
[0.743s] INFO:colcon.colcon_core.shell:Creating environment hook '/home/phuc/working/reset_entry/ws_2/install/rbpler_interfaces/share/rbpler_interfaces/hook/ld_library_path_lib.sh'
[0.743s] Level 1:colcon.colcon_core.environment:checking '/home/phuc/working/reset_entry/ws_2/install/rbpler_interfaces/bin'
[0.743s] Level 1:colcon.colcon_core.environment:checking '/home/phuc/working/reset_entry/ws_2/install/rbpler_interfaces/lib/pkgconfig/rbpler_interfaces.pc'
[0.744s] Level 1:colcon.colcon_core.environment:checking '/home/phuc/working/reset_entry/ws_2/install/rbpler_interfaces/lib/python3.10/site-packages'
[0.744s] Level 1:colcon.colcon_core.environment:checking '/home/phuc/working/reset_entry/ws_2/install/rbpler_interfaces/bin'
[0.744s] INFO:colcon.colcon_core.shell:Creating package script '/home/phuc/working/reset_entry/ws_2/install/rbpler_interfaces/share/rbpler_interfaces/package.ps1'
[0.745s] INFO:colcon.colcon_core.shell:Creating package descriptor '/home/phuc/working/reset_entry/ws_2/install/rbpler_interfaces/share/rbpler_interfaces/package.dsv'
[0.745s] INFO:colcon.colcon_core.shell:Creating package script '/home/phuc/working/reset_entry/ws_2/install/rbpler_interfaces/share/rbpler_interfaces/package.sh'
[0.746s] INFO:colcon.colcon_core.shell:Creating package script '/home/phuc/working/reset_entry/ws_2/install/rbpler_interfaces/share/rbpler_interfaces/package.bash'
[0.746s] INFO:colcon.colcon_core.shell:Creating package script '/home/phuc/working/reset_entry/ws_2/install/rbpler_interfaces/share/rbpler_interfaces/package.zsh'
[0.747s] Level 1:colcon.colcon_core.environment:create_file_with_runtime_dependencies(/home/phuc/working/reset_entry/ws_2/install/rbpler_interfaces/share/colcon-core/packages/rbpler_interfaces)
[0.806s] Level 1:colcon.colcon_core.environment:create_environment_scripts_only(rbpler_interfaces)
[0.807s] Level 1:colcon.colcon_core.environment:checking '/home/phuc/working/reset_entry/ws_2/install/rbpler_interfaces' for CMake module files
[0.807s] Level 1:colcon.colcon_core.environment:checking '/home/phuc/working/reset_entry/ws_2/install/rbpler_interfaces' for CMake config files
[0.807s] Level 1:colcon.colcon_core.shell:create_environment_hook('rbpler_interfaces', 'cmake_prefix_path')
[0.808s] INFO:colcon.colcon_core.shell:Creating environment hook '/home/phuc/working/reset_entry/ws_2/install/rbpler_interfaces/share/rbpler_interfaces/hook/cmake_prefix_path.ps1'
[0.808s] INFO:colcon.colcon_core.shell:Creating environment descriptor '/home/phuc/working/reset_entry/ws_2/install/rbpler_interfaces/share/rbpler_interfaces/hook/cmake_prefix_path.dsv'
[0.808s] INFO:colcon.colcon_core.shell:Creating environment hook '/home/phuc/working/reset_entry/ws_2/install/rbpler_interfaces/share/rbpler_interfaces/hook/cmake_prefix_path.sh'
[0.809s] Level 1:colcon.colcon_core.environment:checking '/home/phuc/working/reset_entry/ws_2/install/rbpler_interfaces/lib'
[0.809s] Level 1:colcon.colcon_core.shell:create_environment_hook('rbpler_interfaces', 'ld_library_path_lib')
[0.809s] INFO:colcon.colcon_core.shell:Creating environment hook '/home/phuc/working/reset_entry/ws_2/install/rbpler_interfaces/share/rbpler_interfaces/hook/ld_library_path_lib.ps1'
[0.809s] INFO:colcon.colcon_core.shell:Creating environment descriptor '/home/phuc/working/reset_entry/ws_2/install/rbpler_interfaces/share/rbpler_interfaces/hook/ld_library_path_lib.dsv'
[0.809s] INFO:colcon.colcon_core.shell:Creating environment hook '/home/phuc/working/reset_entry/ws_2/install/rbpler_interfaces/share/rbpler_interfaces/hook/ld_library_path_lib.sh'
[0.810s] Level 1:colcon.colcon_core.environment:checking '/home/phuc/working/reset_entry/ws_2/install/rbpler_interfaces/bin'
[0.810s] Level 1:colcon.colcon_core.environment:checking '/home/phuc/working/reset_entry/ws_2/install/rbpler_interfaces/lib/pkgconfig/rbpler_interfaces.pc'
[0.810s] Level 1:colcon.colcon_core.environment:checking '/home/phuc/working/reset_entry/ws_2/install/rbpler_interfaces/lib/python3.10/site-packages'
[0.810s] Level 1:colcon.colcon_core.environment:checking '/home/phuc/working/reset_entry/ws_2/install/rbpler_interfaces/bin'
[0.810s] INFO:colcon.colcon_core.shell:Creating package script '/home/phuc/working/reset_entry/ws_2/install/rbpler_interfaces/share/rbpler_interfaces/package.ps1'
[0.811s] INFO:colcon.colcon_core.shell:Creating package descriptor '/home/phuc/working/reset_entry/ws_2/install/rbpler_interfaces/share/rbpler_interfaces/package.dsv'
[0.811s] INFO:colcon.colcon_core.shell:Creating package script '/home/phuc/working/reset_entry/ws_2/install/rbpler_interfaces/share/rbpler_interfaces/package.sh'
[0.811s] INFO:colcon.colcon_core.shell:Creating package script '/home/phuc/working/reset_entry/ws_2/install/rbpler_interfaces/share/rbpler_interfaces/package.bash'
[0.812s] INFO:colcon.colcon_core.shell:Creating package script '/home/phuc/working/reset_entry/ws_2/install/rbpler_interfaces/share/rbpler_interfaces/package.zsh'
[0.812s] Level 1:colcon.colcon_core.environment:create_file_with_runtime_dependencies(/home/phuc/working/reset_entry/ws_2/install/rbpler_interfaces/share/colcon-core/packages/rbpler_interfaces)
[0.812s] DEBUG:colcon.colcon_parallel_executor.executor.parallel:closing loop
[0.812s] DEBUG:colcon.colcon_parallel_executor.executor.parallel:loop closed
[0.812s] DEBUG:colcon.colcon_parallel_executor.executor.parallel:run_until_complete finished with '0'
[0.813s] DEBUG:colcon.colcon_core.event_reactor:joining thread
[0.817s] INFO:colcon.colcon_core.plugin_system:Skipping extension 'colcon_notification.desktop_notification.terminal_notifier': Not used on non-Darwin systems
[0.817s] INFO:colcon.colcon_core.plugin_system:Skipping extension 'colcon_notification.desktop_notification.win32': Not used on non-Windows systems
[0.817s] INFO:colcon.colcon_notification.desktop_notification:Sending desktop notification using 'notify2'
[0.825s] DEBUG:colcon.colcon_core.event_reactor:joined thread
[0.825s] INFO:colcon.colcon_core.shell:Creating prefix script '/home/phuc/working/reset_entry/ws_2/install/local_setup.ps1'
[0.826s] INFO:colcon.colcon_core.shell:Creating prefix util module '/home/phuc/working/reset_entry/ws_2/install/_local_setup_util_ps1.py'
[0.827s] INFO:colcon.colcon_core.shell:Creating prefix chain script '/home/phuc/working/reset_entry/ws_2/install/setup.ps1'
[0.828s] INFO:colcon.colcon_core.shell:Creating prefix script '/home/phuc/working/reset_entry/ws_2/install/local_setup.sh'
[0.829s] INFO:colcon.colcon_core.shell:Creating prefix util module '/home/phuc/working/reset_entry/ws_2/install/_local_setup_util_sh.py'
[0.829s] INFO:colcon.colcon_core.shell:Creating prefix chain script '/home/phuc/working/reset_entry/ws_2/install/setup.sh'
[0.830s] INFO:colcon.colcon_core.shell:Creating prefix script '/home/phuc/working/reset_entry/ws_2/install/local_setup.bash'
[0.830s] INFO:colcon.colcon_core.shell:Creating prefix chain script '/home/phuc/working/reset_entry/ws_2/install/setup.bash'
[0.831s] INFO:colcon.colcon_core.shell:Creating prefix script '/home/phuc/working/reset_entry/ws_2/install/local_setup.zsh'
[0.832s] INFO:colcon.colcon_core.shell:Creating prefix chain script '/home/phuc/working/reset_entry/ws_2/install/setup.zsh'
