[35m[1mConsolidate compiler generated dependencies of target rbpler_interfaces__rosidl_generator_c[0m
[  3%] Built target rbpler_interfaces__cpp
[ 12%] Built target rbpler_interfaces__rosidl_generator_c
[35m[1mConsolidate compiler generated dependencies of target rbpler_interfaces__rosidl_typesupport_introspection_c[0m
[35m[1mConsolidate compiler generated dependencies of target rbpler_interfaces__rosidl_typesupport_introspection_cpp[0m
[35m[1mConsolidate compiler generated dependencies of target rbpler_interfaces__rosidl_typesupport_fastrtps_cpp[0m
[ 12%] Built target ament_cmake_python_copy_rbpler_interfaces
[35m[1mConsolidate compiler generated dependencies of target rbpler_interfaces__rosidl_typesupport_cpp[0m
[35m[1mConsolidate compiler generated dependencies of target rbpler_interfaces__rosidl_typesupport_fastrtps_c[0m
[35m[1mConsolidate compiler generated dependencies of target rbpler_interfaces__rosidl_typesupport_c[0m
[ 32%] Built target rbpler_interfaces__rosidl_typesupport_introspection_cpp
[ 32%] Built target rbpler_interfaces__rosidl_typesupport_introspection_c
[ 45%] Built target rbpler_interfaces__rosidl_typesupport_c
[ 51%] Built target rbpler_interfaces__rosidl_typesupport_fastrtps_cpp
[ 61%] Built target rbpler_interfaces__rosidl_typesupport_fastrtps_c
[ 70%] Built target rbpler_interfaces__rosidl_typesupport_cpp
[ 70%] Built target rbpler_interfaces
[ 74%] Built target rbpler_interfaces__py
[35m[1mConsolidate compiler generated dependencies of target rbpler_interfaces__rosidl_generator_py[0m
[ 80%] Built target rbpler_interfaces__rosidl_generator_py
[35m[1mConsolidate compiler generated dependencies of target rbpler_interfaces__rosidl_typesupport_introspection_c__pyext[0m
[35m[1mConsolidate compiler generated dependencies of target rbpler_interfaces__rosidl_typesupport_c__pyext[0m
[35m[1mConsolidate compiler generated dependencies of target rbpler_interfaces__rosidl_typesupport_fastrtps_c__pyext[0m
[100%] Built target rbpler_interfaces__rosidl_typesupport_c__pyext
[100%] Built target rbpler_interfaces__rosidl_typesupport_fastrtps_c__pyext
[100%] Built target rbpler_interfaces__rosidl_typesupport_introspection_c__pyext
running egg_info
writing rbpler_interfaces.egg-info/PKG-INFO
writing dependency_links to rbpler_interfaces.egg-info/dependency_links.txt
writing top-level names to rbpler_interfaces.egg-info/top_level.txt
reading manifest file 'rbpler_interfaces.egg-info/SOURCES.txt'
writing manifest file 'rbpler_interfaces.egg-info/SOURCES.txt'
[100%] Built target ament_cmake_python_build_rbpler_interfaces_egg
-- Install configuration: ""
-- Up-to-date: /home/phuc/working/reset_entry/ws_2/install/rbpler_interfaces/share/ament_index/resource_index/rosidl_interfaces/rbpler_interfaces
-- Up-to-date: /home/phuc/working/reset_entry/ws_2/install/rbpler_interfaces/include/rbpler_interfaces/rbpler_interfaces
-- Up-to-date: /home/phuc/working/reset_entry/ws_2/install/rbpler_interfaces/include/rbpler_interfaces/rbpler_interfaces/msg
-- Up-to-date: /home/phuc/working/reset_entry/ws_2/install/rbpler_interfaces/include/rbpler_interfaces/rbpler_interfaces/msg/rosidl_generator_c__visibility_control.h
-- Up-to-date: /home/phuc/working/reset_entry/ws_2/install/rbpler_interfaces/include/rbpler_interfaces/rbpler_interfaces/srv
-- Up-to-date: /home/phuc/working/reset_entry/ws_2/install/rbpler_interfaces/include/rbpler_interfaces/rbpler_interfaces/srv/detail
-- Up-to-date: /home/phuc/working/reset_entry/ws_2/install/rbpler_interfaces/include/rbpler_interfaces/rbpler_interfaces/srv/detail/set_string__type_support.h
-- Up-to-date: /home/phuc/working/reset_entry/ws_2/install/rbpler_interfaces/include/rbpler_interfaces/rbpler_interfaces/srv/detail/set_string__functions.c
-- Up-to-date: /home/phuc/working/reset_entry/ws_2/install/rbpler_interfaces/include/rbpler_interfaces/rbpler_interfaces/srv/detail/set_string__functions.h
-- Up-to-date: /home/phuc/working/reset_entry/ws_2/install/rbpler_interfaces/include/rbpler_interfaces/rbpler_interfaces/srv/detail/set_string__struct.h
-- Up-to-date: /home/phuc/working/reset_entry/ws_2/install/rbpler_interfaces/include/rbpler_interfaces/rbpler_interfaces/srv/set_string.h
-- Up-to-date: /home/phuc/working/reset_entry/ws_2/install/rbpler_interfaces/share/rbpler_interfaces/environment/library_path.sh
-- Up-to-date: /home/phuc/working/reset_entry/ws_2/install/rbpler_interfaces/share/rbpler_interfaces/environment/library_path.dsv
-- Up-to-date: /home/phuc/working/reset_entry/ws_2/install/rbpler_interfaces/lib/librbpler_interfaces__rosidl_generator_c.so
-- Up-to-date: /home/phuc/working/reset_entry/ws_2/install/rbpler_interfaces/include/rbpler_interfaces/rbpler_interfaces
-- Up-to-date: /home/phuc/working/reset_entry/ws_2/install/rbpler_interfaces/include/rbpler_interfaces/rbpler_interfaces/msg
-- Up-to-date: /home/phuc/working/reset_entry/ws_2/install/rbpler_interfaces/include/rbpler_interfaces/rbpler_interfaces/msg/rosidl_typesupport_fastrtps_c__visibility_control.h
-- Up-to-date: /home/phuc/working/reset_entry/ws_2/install/rbpler_interfaces/include/rbpler_interfaces/rbpler_interfaces/srv
-- Up-to-date: /home/phuc/working/reset_entry/ws_2/install/rbpler_interfaces/include/rbpler_interfaces/rbpler_interfaces/srv/detail
-- Up-to-date: /home/phuc/working/reset_entry/ws_2/install/rbpler_interfaces/include/rbpler_interfaces/rbpler_interfaces/srv/detail/set_string__rosidl_typesupport_fastrtps_c.h
-- Up-to-date: /home/phuc/working/reset_entry/ws_2/install/rbpler_interfaces/lib/librbpler_interfaces__rosidl_typesupport_fastrtps_c.so
-- Up-to-date: /home/phuc/working/reset_entry/ws_2/install/rbpler_interfaces/include/rbpler_interfaces/rbpler_interfaces
-- Up-to-date: /home/phuc/working/reset_entry/ws_2/install/rbpler_interfaces/include/rbpler_interfaces/rbpler_interfaces/msg
-- Up-to-date: /home/phuc/working/reset_entry/ws_2/install/rbpler_interfaces/include/rbpler_interfaces/rbpler_interfaces/msg/rosidl_typesupport_introspection_c__visibility_control.h
-- Up-to-date: /home/phuc/working/reset_entry/ws_2/install/rbpler_interfaces/include/rbpler_interfaces/rbpler_interfaces/srv
-- Up-to-date: /home/phuc/working/reset_entry/ws_2/install/rbpler_interfaces/include/rbpler_interfaces/rbpler_interfaces/srv/detail
-- Up-to-date: /home/phuc/working/reset_entry/ws_2/install/rbpler_interfaces/include/rbpler_interfaces/rbpler_interfaces/srv/detail/set_string__type_support.c
-- Up-to-date: /home/phuc/working/reset_entry/ws_2/install/rbpler_interfaces/include/rbpler_interfaces/rbpler_interfaces/srv/detail/set_string__rosidl_typesupport_introspection_c.h
-- Up-to-date: /home/phuc/working/reset_entry/ws_2/install/rbpler_interfaces/lib/librbpler_interfaces__rosidl_typesupport_introspection_c.so
-- Up-to-date: /home/phuc/working/reset_entry/ws_2/install/rbpler_interfaces/lib/librbpler_interfaces__rosidl_typesupport_c.so
-- Up-to-date: /home/phuc/working/reset_entry/ws_2/install/rbpler_interfaces/include/rbpler_interfaces/rbpler_interfaces
-- Up-to-date: /home/phuc/working/reset_entry/ws_2/install/rbpler_interfaces/include/rbpler_interfaces/rbpler_interfaces/srv
-- Up-to-date: /home/phuc/working/reset_entry/ws_2/install/rbpler_interfaces/include/rbpler_interfaces/rbpler_interfaces/srv/detail
-- Up-to-date: /home/phuc/working/reset_entry/ws_2/install/rbpler_interfaces/include/rbpler_interfaces/rbpler_interfaces/srv/detail/set_string__struct.hpp
-- Up-to-date: /home/phuc/working/reset_entry/ws_2/install/rbpler_interfaces/include/rbpler_interfaces/rbpler_interfaces/srv/detail/set_string__traits.hpp
-- Up-to-date: /home/phuc/working/reset_entry/ws_2/install/rbpler_interfaces/include/rbpler_interfaces/rbpler_interfaces/srv/detail/set_string__builder.hpp
-- Up-to-date: /home/phuc/working/reset_entry/ws_2/install/rbpler_interfaces/include/rbpler_interfaces/rbpler_interfaces/srv/set_string.hpp
-- Up-to-date: /home/phuc/working/reset_entry/ws_2/install/rbpler_interfaces/include/rbpler_interfaces/rbpler_interfaces
-- Up-to-date: /home/phuc/working/reset_entry/ws_2/install/rbpler_interfaces/include/rbpler_interfaces/rbpler_interfaces/msg
-- Up-to-date: /home/phuc/working/reset_entry/ws_2/install/rbpler_interfaces/include/rbpler_interfaces/rbpler_interfaces/msg/rosidl_typesupport_fastrtps_cpp__visibility_control.h
-- Up-to-date: /home/phuc/working/reset_entry/ws_2/install/rbpler_interfaces/include/rbpler_interfaces/rbpler_interfaces/srv
-- Up-to-date: /home/phuc/working/reset_entry/ws_2/install/rbpler_interfaces/include/rbpler_interfaces/rbpler_interfaces/srv/detail
-- Up-to-date: /home/phuc/working/reset_entry/ws_2/install/rbpler_interfaces/include/rbpler_interfaces/rbpler_interfaces/srv/detail/set_string__rosidl_typesupport_fastrtps_cpp.hpp
-- Up-to-date: /home/phuc/working/reset_entry/ws_2/install/rbpler_interfaces/include/rbpler_interfaces/rbpler_interfaces/srv/detail/dds_fastrtps
-- Up-to-date: /home/phuc/working/reset_entry/ws_2/install/rbpler_interfaces/lib/librbpler_interfaces__rosidl_typesupport_fastrtps_cpp.so
-- Up-to-date: /home/phuc/working/reset_entry/ws_2/install/rbpler_interfaces/include/rbpler_interfaces/rbpler_interfaces
-- Up-to-date: /home/phuc/working/reset_entry/ws_2/install/rbpler_interfaces/include/rbpler_interfaces/rbpler_interfaces/srv
-- Up-to-date: /home/phuc/working/reset_entry/ws_2/install/rbpler_interfaces/include/rbpler_interfaces/rbpler_interfaces/srv/detail
-- Up-to-date: /home/phuc/working/reset_entry/ws_2/install/rbpler_interfaces/include/rbpler_interfaces/rbpler_interfaces/srv/detail/set_string__rosidl_typesupport_introspection_cpp.hpp
-- Up-to-date: /home/phuc/working/reset_entry/ws_2/install/rbpler_interfaces/include/rbpler_interfaces/rbpler_interfaces/srv/detail/set_string__type_support.cpp
-- Up-to-date: /home/phuc/working/reset_entry/ws_2/install/rbpler_interfaces/lib/librbpler_interfaces__rosidl_typesupport_introspection_cpp.so
-- Up-to-date: /home/phuc/working/reset_entry/ws_2/install/rbpler_interfaces/lib/librbpler_interfaces__rosidl_typesupport_cpp.so
-- Up-to-date: /home/phuc/working/reset_entry/ws_2/install/rbpler_interfaces/share/rbpler_interfaces/environment/pythonpath.sh
-- Up-to-date: /home/phuc/working/reset_entry/ws_2/install/rbpler_interfaces/share/rbpler_interfaces/environment/pythonpath.dsv
-- Up-to-date: /home/phuc/working/reset_entry/ws_2/install/rbpler_interfaces/local/lib/python3.10/dist-packages/rbpler_interfaces-0.0.0-py3.10.egg-info
-- Installing: /home/phuc/working/reset_entry/ws_2/install/rbpler_interfaces/local/lib/python3.10/dist-packages/rbpler_interfaces-0.0.0-py3.10.egg-info/SOURCES.txt
-- Installing: /home/phuc/working/reset_entry/ws_2/install/rbpler_interfaces/local/lib/python3.10/dist-packages/rbpler_interfaces-0.0.0-py3.10.egg-info/PKG-INFO
-- Installing: /home/phuc/working/reset_entry/ws_2/install/rbpler_interfaces/local/lib/python3.10/dist-packages/rbpler_interfaces-0.0.0-py3.10.egg-info/dependency_links.txt
-- Installing: /home/phuc/working/reset_entry/ws_2/install/rbpler_interfaces/local/lib/python3.10/dist-packages/rbpler_interfaces-0.0.0-py3.10.egg-info/top_level.txt
-- Up-to-date: /home/phuc/working/reset_entry/ws_2/install/rbpler_interfaces/local/lib/python3.10/dist-packages/rbpler_interfaces
-- Up-to-date: /home/phuc/working/reset_entry/ws_2/install/rbpler_interfaces/local/lib/python3.10/dist-packages/rbpler_interfaces/librbpler_interfaces__rosidl_generator_py.so
-- Up-to-date: /home/phuc/working/reset_entry/ws_2/install/rbpler_interfaces/local/lib/python3.10/dist-packages/rbpler_interfaces/rbpler_interfaces_s__rosidl_typesupport_introspection_c.cpython-310-x86_64-linux-gnu.so
-- Up-to-date: /home/phuc/working/reset_entry/ws_2/install/rbpler_interfaces/local/lib/python3.10/dist-packages/rbpler_interfaces/rbpler_interfaces_s__rosidl_typesupport_fastrtps_c.cpython-310-x86_64-linux-gnu.so
-- Up-to-date: /home/phuc/working/reset_entry/ws_2/install/rbpler_interfaces/local/lib/python3.10/dist-packages/rbpler_interfaces/_rbpler_interfaces_s.ep.rosidl_typesupport_c.c
-- Up-to-date: /home/phuc/working/reset_entry/ws_2/install/rbpler_interfaces/local/lib/python3.10/dist-packages/rbpler_interfaces/srv
-- Up-to-date: /home/phuc/working/reset_entry/ws_2/install/rbpler_interfaces/local/lib/python3.10/dist-packages/rbpler_interfaces/srv/__init__.py
-- Up-to-date: /home/phuc/working/reset_entry/ws_2/install/rbpler_interfaces/local/lib/python3.10/dist-packages/rbpler_interfaces/srv/_set_string.py
-- Up-to-date: /home/phuc/working/reset_entry/ws_2/install/rbpler_interfaces/local/lib/python3.10/dist-packages/rbpler_interfaces/srv/_set_string_s.c
-- Up-to-date: /home/phuc/working/reset_entry/ws_2/install/rbpler_interfaces/local/lib/python3.10/dist-packages/rbpler_interfaces/__init__.py
-- Up-to-date: /home/phuc/working/reset_entry/ws_2/install/rbpler_interfaces/local/lib/python3.10/dist-packages/rbpler_interfaces/_rbpler_interfaces_s.ep.rosidl_typesupport_fastrtps_c.c
-- Up-to-date: /home/phuc/working/reset_entry/ws_2/install/rbpler_interfaces/local/lib/python3.10/dist-packages/rbpler_interfaces/_rbpler_interfaces_s.ep.rosidl_typesupport_introspection_c.c
-- Up-to-date: /home/phuc/working/reset_entry/ws_2/install/rbpler_interfaces/local/lib/python3.10/dist-packages/rbpler_interfaces/rbpler_interfaces_s__rosidl_typesupport_c.cpython-310-x86_64-linux-gnu.so
Listing '/home/phuc/working/reset_entry/ws_2/install/rbpler_interfaces/local/lib/python3.10/dist-packages/rbpler_interfaces'...
Listing '/home/phuc/working/reset_entry/ws_2/install/rbpler_interfaces/local/lib/python3.10/dist-packages/rbpler_interfaces/srv'...
-- Up-to-date: /home/phuc/working/reset_entry/ws_2/install/rbpler_interfaces/local/lib/python3.10/dist-packages/rbpler_interfaces/rbpler_interfaces_s__rosidl_typesupport_fastrtps_c.cpython-310-x86_64-linux-gnu.so
-- Up-to-date: /home/phuc/working/reset_entry/ws_2/install/rbpler_interfaces/local/lib/python3.10/dist-packages/rbpler_interfaces/rbpler_interfaces_s__rosidl_typesupport_introspection_c.cpython-310-x86_64-linux-gnu.so
-- Up-to-date: /home/phuc/working/reset_entry/ws_2/install/rbpler_interfaces/local/lib/python3.10/dist-packages/rbpler_interfaces/rbpler_interfaces_s__rosidl_typesupport_c.cpython-310-x86_64-linux-gnu.so
-- Up-to-date: /home/phuc/working/reset_entry/ws_2/install/rbpler_interfaces/lib/librbpler_interfaces__rosidl_generator_py.so
-- Up-to-date: /home/phuc/working/reset_entry/ws_2/install/rbpler_interfaces/share/rbpler_interfaces/srv/SetString.idl
-- Up-to-date: /home/phuc/working/reset_entry/ws_2/install/rbpler_interfaces/share/rbpler_interfaces/srv/SetString.srv
-- Up-to-date: /home/phuc/working/reset_entry/ws_2/install/rbpler_interfaces/share/rbpler_interfaces/srv/SetString_Request.msg
-- Up-to-date: /home/phuc/working/reset_entry/ws_2/install/rbpler_interfaces/share/rbpler_interfaces/srv/SetString_Response.msg
-- Up-to-date: /home/phuc/working/reset_entry/ws_2/install/rbpler_interfaces/share/ament_index/resource_index/package_run_dependencies/rbpler_interfaces
-- Up-to-date: /home/phuc/working/reset_entry/ws_2/install/rbpler_interfaces/share/ament_index/resource_index/parent_prefix_path/rbpler_interfaces
-- Up-to-date: /home/phuc/working/reset_entry/ws_2/install/rbpler_interfaces/share/rbpler_interfaces/environment/ament_prefix_path.sh
-- Up-to-date: /home/phuc/working/reset_entry/ws_2/install/rbpler_interfaces/share/rbpler_interfaces/environment/ament_prefix_path.dsv
-- Up-to-date: /home/phuc/working/reset_entry/ws_2/install/rbpler_interfaces/share/rbpler_interfaces/environment/path.sh
-- Up-to-date: /home/phuc/working/reset_entry/ws_2/install/rbpler_interfaces/share/rbpler_interfaces/environment/path.dsv
-- Up-to-date: /home/phuc/working/reset_entry/ws_2/install/rbpler_interfaces/share/rbpler_interfaces/local_setup.bash
-- Up-to-date: /home/phuc/working/reset_entry/ws_2/install/rbpler_interfaces/share/rbpler_interfaces/local_setup.sh
-- Up-to-date: /home/phuc/working/reset_entry/ws_2/install/rbpler_interfaces/share/rbpler_interfaces/local_setup.zsh
-- Up-to-date: /home/phuc/working/reset_entry/ws_2/install/rbpler_interfaces/share/rbpler_interfaces/local_setup.dsv
-- Installing: /home/phuc/working/reset_entry/ws_2/install/rbpler_interfaces/share/rbpler_interfaces/package.dsv
-- Up-to-date: /home/phuc/working/reset_entry/ws_2/install/rbpler_interfaces/share/ament_index/resource_index/packages/rbpler_interfaces
-- Up-to-date: /home/phuc/working/reset_entry/ws_2/install/rbpler_interfaces/share/rbpler_interfaces/cmake/export_rbpler_interfaces__rosidl_generator_cExport.cmake
-- Up-to-date: /home/phuc/working/reset_entry/ws_2/install/rbpler_interfaces/share/rbpler_interfaces/cmake/export_rbpler_interfaces__rosidl_generator_cExport-noconfig.cmake
-- Up-to-date: /home/phuc/working/reset_entry/ws_2/install/rbpler_interfaces/share/rbpler_interfaces/cmake/export_rbpler_interfaces__rosidl_typesupport_fastrtps_cExport.cmake
-- Up-to-date: /home/phuc/working/reset_entry/ws_2/install/rbpler_interfaces/share/rbpler_interfaces/cmake/export_rbpler_interfaces__rosidl_typesupport_fastrtps_cExport-noconfig.cmake
-- Up-to-date: /home/phuc/working/reset_entry/ws_2/install/rbpler_interfaces/share/rbpler_interfaces/cmake/rbpler_interfaces__rosidl_typesupport_introspection_cExport.cmake
-- Up-to-date: /home/phuc/working/reset_entry/ws_2/install/rbpler_interfaces/share/rbpler_interfaces/cmake/rbpler_interfaces__rosidl_typesupport_introspection_cExport-noconfig.cmake
-- Up-to-date: /home/phuc/working/reset_entry/ws_2/install/rbpler_interfaces/share/rbpler_interfaces/cmake/rbpler_interfaces__rosidl_typesupport_cExport.cmake
-- Up-to-date: /home/phuc/working/reset_entry/ws_2/install/rbpler_interfaces/share/rbpler_interfaces/cmake/rbpler_interfaces__rosidl_typesupport_cExport-noconfig.cmake
-- Up-to-date: /home/phuc/working/reset_entry/ws_2/install/rbpler_interfaces/share/rbpler_interfaces/cmake/export_rbpler_interfaces__rosidl_generator_cppExport.cmake
-- Up-to-date: /home/phuc/working/reset_entry/ws_2/install/rbpler_interfaces/share/rbpler_interfaces/cmake/export_rbpler_interfaces__rosidl_typesupport_fastrtps_cppExport.cmake
-- Up-to-date: /home/phuc/working/reset_entry/ws_2/install/rbpler_interfaces/share/rbpler_interfaces/cmake/export_rbpler_interfaces__rosidl_typesupport_fastrtps_cppExport-noconfig.cmake
-- Up-to-date: /home/phuc/working/reset_entry/ws_2/install/rbpler_interfaces/share/rbpler_interfaces/cmake/rbpler_interfaces__rosidl_typesupport_introspection_cppExport.cmake
-- Up-to-date: /home/phuc/working/reset_entry/ws_2/install/rbpler_interfaces/share/rbpler_interfaces/cmake/rbpler_interfaces__rosidl_typesupport_introspection_cppExport-noconfig.cmake
-- Up-to-date: /home/phuc/working/reset_entry/ws_2/install/rbpler_interfaces/share/rbpler_interfaces/cmake/rbpler_interfaces__rosidl_typesupport_cppExport.cmake
-- Up-to-date: /home/phuc/working/reset_entry/ws_2/install/rbpler_interfaces/share/rbpler_interfaces/cmake/rbpler_interfaces__rosidl_typesupport_cppExport-noconfig.cmake
-- Up-to-date: /home/phuc/working/reset_entry/ws_2/install/rbpler_interfaces/share/rbpler_interfaces/cmake/export_rbpler_interfaces__rosidl_generator_pyExport.cmake
-- Up-to-date: /home/phuc/working/reset_entry/ws_2/install/rbpler_interfaces/share/rbpler_interfaces/cmake/export_rbpler_interfaces__rosidl_generator_pyExport-noconfig.cmake
-- Up-to-date: /home/phuc/working/reset_entry/ws_2/install/rbpler_interfaces/share/rbpler_interfaces/cmake/rosidl_cmake-extras.cmake
-- Up-to-date: /home/phuc/working/reset_entry/ws_2/install/rbpler_interfaces/share/rbpler_interfaces/cmake/ament_cmake_export_include_directories-extras.cmake
-- Up-to-date: /home/phuc/working/reset_entry/ws_2/install/rbpler_interfaces/share/rbpler_interfaces/cmake/ament_cmake_export_libraries-extras.cmake
-- Up-to-date: /home/phuc/working/reset_entry/ws_2/install/rbpler_interfaces/share/rbpler_interfaces/cmake/ament_cmake_export_targets-extras.cmake
-- Up-to-date: /home/phuc/working/reset_entry/ws_2/install/rbpler_interfaces/share/rbpler_interfaces/cmake/rosidl_cmake_export_typesupport_targets-extras.cmake
-- Up-to-date: /home/phuc/working/reset_entry/ws_2/install/rbpler_interfaces/share/rbpler_interfaces/cmake/ament_cmake_export_dependencies-extras.cmake
-- Up-to-date: /home/phuc/working/reset_entry/ws_2/install/rbpler_interfaces/share/rbpler_interfaces/cmake/rosidl_cmake_export_typesupport_libraries-extras.cmake
-- Up-to-date: /home/phuc/working/reset_entry/ws_2/install/rbpler_interfaces/share/rbpler_interfaces/cmake/rbpler_interfacesConfig.cmake
-- Up-to-date: /home/phuc/working/reset_entry/ws_2/install/rbpler_interfaces/share/rbpler_interfaces/cmake/rbpler_interfacesConfig-version.cmake
-- Up-to-date: /home/phuc/working/reset_entry/ws_2/install/rbpler_interfaces/share/rbpler_interfaces/package.xml
