[0.009s] Invoking command in '/home/phuc/working/reset_entry/ws_2/build/rbpler_interfaces': CMAKE_PREFIX_PATH=${CMAKE_PREFIX_PATH}:/home/phuc/working/reset_entry/install/robot_planner:/home/phuc/working/reset_entry/ws_2/install/robot_planner:/home/phuc/working/ws_2_copy/install/robot_planner:/opt/ros/humble /usr/bin/cmake --build /home/phuc/working/reset_entry/ws_2/build/rbpler_interfaces -- -j12 -l12
[0.046s] [35m[1mConsolidate compiler generated dependencies of target rbpler_interfaces__rosidl_generator_c[0m
[0.054s] [  3%] Built target rbpler_interfaces__cpp
[0.055s] [ 12%] Built target rbpler_interfaces__rosidl_generator_c
[0.064s] [35m[1mConsolidate compiler generated dependencies of target rbpler_interfaces__rosidl_typesupport_introspection_c[0m
[0.064s] [35m[1mConsolidate compiler generated dependencies of target rbpler_interfaces__rosidl_typesupport_introspection_cpp[0m
[0.064s] [35m[1mConsolidate compiler generated dependencies of target rbpler_interfaces__rosidl_typesupport_fastrtps_cpp[0m
[0.065s] [ 12%] Built target ament_cmake_python_copy_rbpler_interfaces
[0.065s] [35m[1mConsolidate compiler generated dependencies of target rbpler_interfaces__rosidl_typesupport_cpp[0m
[0.066s] [35m[1mConsolidate compiler generated dependencies of target rbpler_interfaces__rosidl_typesupport_fastrtps_c[0m
[0.066s] [35m[1mConsolidate compiler generated dependencies of target rbpler_interfaces__rosidl_typesupport_c[0m
[0.075s] [ 32%] Built target rbpler_interfaces__rosidl_typesupport_introspection_cpp
[0.075s] [ 32%] Built target rbpler_interfaces__rosidl_typesupport_introspection_c
[0.076s] [ 45%] Built target rbpler_interfaces__rosidl_typesupport_c
[0.076s] [ 51%] Built target rbpler_interfaces__rosidl_typesupport_fastrtps_cpp
[0.077s] [ 61%] Built target rbpler_interfaces__rosidl_typesupport_fastrtps_c
[0.077s] [ 70%] Built target rbpler_interfaces__rosidl_typesupport_cpp
[0.096s] [ 70%] Built target rbpler_interfaces
[0.117s] [ 74%] Built target rbpler_interfaces__py
[0.128s] [35m[1mConsolidate compiler generated dependencies of target rbpler_interfaces__rosidl_generator_py[0m
[0.142s] [ 80%] Built target rbpler_interfaces__rosidl_generator_py
[0.152s] [35m[1mConsolidate compiler generated dependencies of target rbpler_interfaces__rosidl_typesupport_introspection_c__pyext[0m
[0.152s] [35m[1mConsolidate compiler generated dependencies of target rbpler_interfaces__rosidl_typesupport_c__pyext[0m
[0.152s] [35m[1mConsolidate compiler generated dependencies of target rbpler_interfaces__rosidl_typesupport_fastrtps_c__pyext[0m
[0.164s] [100%] Built target rbpler_interfaces__rosidl_typesupport_c__pyext
[0.164s] [100%] Built target rbpler_interfaces__rosidl_typesupport_fastrtps_c__pyext
[0.164s] [100%] Built target rbpler_interfaces__rosidl_typesupport_introspection_c__pyext
[0.283s] running egg_info
[0.283s] writing rbpler_interfaces.egg-info/PKG-INFO
[0.284s] writing dependency_links to rbpler_interfaces.egg-info/dependency_links.txt
[0.284s] writing top-level names to rbpler_interfaces.egg-info/top_level.txt
[0.285s] reading manifest file 'rbpler_interfaces.egg-info/SOURCES.txt'
[0.286s] writing manifest file 'rbpler_interfaces.egg-info/SOURCES.txt'
[0.306s] [100%] Built target ament_cmake_python_build_rbpler_interfaces_egg
[0.316s] Invoked command in '/home/phuc/working/reset_entry/ws_2/build/rbpler_interfaces' returned '0': CMAKE_PREFIX_PATH=${CMAKE_PREFIX_PATH}:/home/phuc/working/reset_entry/install/robot_planner:/home/phuc/working/reset_entry/ws_2/install/robot_planner:/home/phuc/working/ws_2_copy/install/robot_planner:/opt/ros/humble /usr/bin/cmake --build /home/phuc/working/reset_entry/ws_2/build/rbpler_interfaces -- -j12 -l12
[0.383s] Invoking command in '/home/phuc/working/reset_entry/ws_2/build/rbpler_interfaces': CMAKE_PREFIX_PATH=${CMAKE_PREFIX_PATH}:/home/phuc/working/reset_entry/install/robot_planner:/home/phuc/working/reset_entry/ws_2/install/robot_planner:/home/phuc/working/ws_2_copy/install/robot_planner:/opt/ros/humble /usr/bin/cmake --install /home/phuc/working/reset_entry/ws_2/build/rbpler_interfaces
[0.390s] -- Install configuration: ""
[0.390s] -- Up-to-date: /home/phuc/working/reset_entry/ws_2/install/rbpler_interfaces/share/ament_index/resource_index/rosidl_interfaces/rbpler_interfaces
[0.390s] -- Up-to-date: /home/phuc/working/reset_entry/ws_2/install/rbpler_interfaces/include/rbpler_interfaces/rbpler_interfaces
[0.390s] -- Up-to-date: /home/phuc/working/reset_entry/ws_2/install/rbpler_interfaces/include/rbpler_interfaces/rbpler_interfaces/msg
[0.390s] -- Up-to-date: /home/phuc/working/reset_entry/ws_2/install/rbpler_interfaces/include/rbpler_interfaces/rbpler_interfaces/msg/rosidl_generator_c__visibility_control.h
[0.390s] -- Up-to-date: /home/phuc/working/reset_entry/ws_2/install/rbpler_interfaces/include/rbpler_interfaces/rbpler_interfaces/srv
[0.390s] -- Up-to-date: /home/phuc/working/reset_entry/ws_2/install/rbpler_interfaces/include/rbpler_interfaces/rbpler_interfaces/srv/detail
[0.390s] -- Up-to-date: /home/phuc/working/reset_entry/ws_2/install/rbpler_interfaces/include/rbpler_interfaces/rbpler_interfaces/srv/detail/set_string__type_support.h
[0.390s] -- Up-to-date: /home/phuc/working/reset_entry/ws_2/install/rbpler_interfaces/include/rbpler_interfaces/rbpler_interfaces/srv/detail/set_string__functions.c
[0.390s] -- Up-to-date: /home/phuc/working/reset_entry/ws_2/install/rbpler_interfaces/include/rbpler_interfaces/rbpler_interfaces/srv/detail/set_string__functions.h
[0.390s] -- Up-to-date: /home/phuc/working/reset_entry/ws_2/install/rbpler_interfaces/include/rbpler_interfaces/rbpler_interfaces/srv/detail/set_string__struct.h
[0.390s] -- Up-to-date: /home/phuc/working/reset_entry/ws_2/install/rbpler_interfaces/include/rbpler_interfaces/rbpler_interfaces/srv/set_string.h
[0.391s] -- Up-to-date: /home/phuc/working/reset_entry/ws_2/install/rbpler_interfaces/share/rbpler_interfaces/environment/library_path.sh
[0.391s] -- Up-to-date: /home/phuc/working/reset_entry/ws_2/install/rbpler_interfaces/share/rbpler_interfaces/environment/library_path.dsv
[0.391s] -- Up-to-date: /home/phuc/working/reset_entry/ws_2/install/rbpler_interfaces/lib/librbpler_interfaces__rosidl_generator_c.so
[0.391s] -- Up-to-date: /home/phuc/working/reset_entry/ws_2/install/rbpler_interfaces/include/rbpler_interfaces/rbpler_interfaces
[0.391s] -- Up-to-date: /home/phuc/working/reset_entry/ws_2/install/rbpler_interfaces/include/rbpler_interfaces/rbpler_interfaces/msg
[0.391s] -- Up-to-date: /home/phuc/working/reset_entry/ws_2/install/rbpler_interfaces/include/rbpler_interfaces/rbpler_interfaces/msg/rosidl_typesupport_fastrtps_c__visibility_control.h
[0.391s] -- Up-to-date: /home/phuc/working/reset_entry/ws_2/install/rbpler_interfaces/include/rbpler_interfaces/rbpler_interfaces/srv
[0.391s] -- Up-to-date: /home/phuc/working/reset_entry/ws_2/install/rbpler_interfaces/include/rbpler_interfaces/rbpler_interfaces/srv/detail
[0.391s] -- Up-to-date: /home/phuc/working/reset_entry/ws_2/install/rbpler_interfaces/include/rbpler_interfaces/rbpler_interfaces/srv/detail/set_string__rosidl_typesupport_fastrtps_c.h
[0.391s] -- Up-to-date: /home/phuc/working/reset_entry/ws_2/install/rbpler_interfaces/lib/librbpler_interfaces__rosidl_typesupport_fastrtps_c.so
[0.391s] -- Up-to-date: /home/phuc/working/reset_entry/ws_2/install/rbpler_interfaces/include/rbpler_interfaces/rbpler_interfaces
[0.391s] -- Up-to-date: /home/phuc/working/reset_entry/ws_2/install/rbpler_interfaces/include/rbpler_interfaces/rbpler_interfaces/msg
[0.391s] -- Up-to-date: /home/phuc/working/reset_entry/ws_2/install/rbpler_interfaces/include/rbpler_interfaces/rbpler_interfaces/msg/rosidl_typesupport_introspection_c__visibility_control.h
[0.391s] -- Up-to-date: /home/phuc/working/reset_entry/ws_2/install/rbpler_interfaces/include/rbpler_interfaces/rbpler_interfaces/srv
[0.391s] -- Up-to-date: /home/phuc/working/reset_entry/ws_2/install/rbpler_interfaces/include/rbpler_interfaces/rbpler_interfaces/srv/detail
[0.391s] -- Up-to-date: /home/phuc/working/reset_entry/ws_2/install/rbpler_interfaces/include/rbpler_interfaces/rbpler_interfaces/srv/detail/set_string__type_support.c
[0.391s] -- Up-to-date: /home/phuc/working/reset_entry/ws_2/install/rbpler_interfaces/include/rbpler_interfaces/rbpler_interfaces/srv/detail/set_string__rosidl_typesupport_introspection_c.h
[0.391s] -- Up-to-date: /home/phuc/working/reset_entry/ws_2/install/rbpler_interfaces/lib/librbpler_interfaces__rosidl_typesupport_introspection_c.so
[0.391s] -- Up-to-date: /home/phuc/working/reset_entry/ws_2/install/rbpler_interfaces/lib/librbpler_interfaces__rosidl_typesupport_c.so
[0.391s] -- Up-to-date: /home/phuc/working/reset_entry/ws_2/install/rbpler_interfaces/include/rbpler_interfaces/rbpler_interfaces
[0.391s] -- Up-to-date: /home/phuc/working/reset_entry/ws_2/install/rbpler_interfaces/include/rbpler_interfaces/rbpler_interfaces/srv
[0.392s] -- Up-to-date: /home/phuc/working/reset_entry/ws_2/install/rbpler_interfaces/include/rbpler_interfaces/rbpler_interfaces/srv/detail
[0.392s] -- Up-to-date: /home/phuc/working/reset_entry/ws_2/install/rbpler_interfaces/include/rbpler_interfaces/rbpler_interfaces/srv/detail/set_string__struct.hpp
[0.392s] -- Up-to-date: /home/phuc/working/reset_entry/ws_2/install/rbpler_interfaces/include/rbpler_interfaces/rbpler_interfaces/srv/detail/set_string__traits.hpp
[0.392s] -- Up-to-date: /home/phuc/working/reset_entry/ws_2/install/rbpler_interfaces/include/rbpler_interfaces/rbpler_interfaces/srv/detail/set_string__builder.hpp
[0.392s] -- Up-to-date: /home/phuc/working/reset_entry/ws_2/install/rbpler_interfaces/include/rbpler_interfaces/rbpler_interfaces/srv/set_string.hpp
[0.392s] -- Up-to-date: /home/phuc/working/reset_entry/ws_2/install/rbpler_interfaces/include/rbpler_interfaces/rbpler_interfaces
[0.392s] -- Up-to-date: /home/phuc/working/reset_entry/ws_2/install/rbpler_interfaces/include/rbpler_interfaces/rbpler_interfaces/msg
[0.392s] -- Up-to-date: /home/phuc/working/reset_entry/ws_2/install/rbpler_interfaces/include/rbpler_interfaces/rbpler_interfaces/msg/rosidl_typesupport_fastrtps_cpp__visibility_control.h
[0.392s] -- Up-to-date: /home/phuc/working/reset_entry/ws_2/install/rbpler_interfaces/include/rbpler_interfaces/rbpler_interfaces/srv
[0.392s] -- Up-to-date: /home/phuc/working/reset_entry/ws_2/install/rbpler_interfaces/include/rbpler_interfaces/rbpler_interfaces/srv/detail
[0.392s] -- Up-to-date: /home/phuc/working/reset_entry/ws_2/install/rbpler_interfaces/include/rbpler_interfaces/rbpler_interfaces/srv/detail/set_string__rosidl_typesupport_fastrtps_cpp.hpp
[0.392s] -- Up-to-date: /home/phuc/working/reset_entry/ws_2/install/rbpler_interfaces/include/rbpler_interfaces/rbpler_interfaces/srv/detail/dds_fastrtps
[0.392s] -- Up-to-date: /home/phuc/working/reset_entry/ws_2/install/rbpler_interfaces/lib/librbpler_interfaces__rosidl_typesupport_fastrtps_cpp.so
[0.392s] -- Up-to-date: /home/phuc/working/reset_entry/ws_2/install/rbpler_interfaces/include/rbpler_interfaces/rbpler_interfaces
[0.392s] -- Up-to-date: /home/phuc/working/reset_entry/ws_2/install/rbpler_interfaces/include/rbpler_interfaces/rbpler_interfaces/srv
[0.392s] -- Up-to-date: /home/phuc/working/reset_entry/ws_2/install/rbpler_interfaces/include/rbpler_interfaces/rbpler_interfaces/srv/detail
[0.392s] -- Up-to-date: /home/phuc/working/reset_entry/ws_2/install/rbpler_interfaces/include/rbpler_interfaces/rbpler_interfaces/srv/detail/set_string__rosidl_typesupport_introspection_cpp.hpp
[0.392s] -- Up-to-date: /home/phuc/working/reset_entry/ws_2/install/rbpler_interfaces/include/rbpler_interfaces/rbpler_interfaces/srv/detail/set_string__type_support.cpp
[0.392s] -- Up-to-date: /home/phuc/working/reset_entry/ws_2/install/rbpler_interfaces/lib/librbpler_interfaces__rosidl_typesupport_introspection_cpp.so
[0.392s] -- Up-to-date: /home/phuc/working/reset_entry/ws_2/install/rbpler_interfaces/lib/librbpler_interfaces__rosidl_typesupport_cpp.so
[0.393s] -- Up-to-date: /home/phuc/working/reset_entry/ws_2/install/rbpler_interfaces/share/rbpler_interfaces/environment/pythonpath.sh
[0.393s] -- Up-to-date: /home/phuc/working/reset_entry/ws_2/install/rbpler_interfaces/share/rbpler_interfaces/environment/pythonpath.dsv
[0.393s] -- Up-to-date: /home/phuc/working/reset_entry/ws_2/install/rbpler_interfaces/local/lib/python3.10/dist-packages/rbpler_interfaces-0.0.0-py3.10.egg-info
[0.393s] -- Installing: /home/phuc/working/reset_entry/ws_2/install/rbpler_interfaces/local/lib/python3.10/dist-packages/rbpler_interfaces-0.0.0-py3.10.egg-info/SOURCES.txt
[0.393s] -- Installing: /home/phuc/working/reset_entry/ws_2/install/rbpler_interfaces/local/lib/python3.10/dist-packages/rbpler_interfaces-0.0.0-py3.10.egg-info/PKG-INFO
[0.393s] -- Installing: /home/phuc/working/reset_entry/ws_2/install/rbpler_interfaces/local/lib/python3.10/dist-packages/rbpler_interfaces-0.0.0-py3.10.egg-info/dependency_links.txt
[0.393s] -- Installing: /home/phuc/working/reset_entry/ws_2/install/rbpler_interfaces/local/lib/python3.10/dist-packages/rbpler_interfaces-0.0.0-py3.10.egg-info/top_level.txt
[0.393s] -- Up-to-date: /home/phuc/working/reset_entry/ws_2/install/rbpler_interfaces/local/lib/python3.10/dist-packages/rbpler_interfaces
[0.393s] -- Up-to-date: /home/phuc/working/reset_entry/ws_2/install/rbpler_interfaces/local/lib/python3.10/dist-packages/rbpler_interfaces/librbpler_interfaces__rosidl_generator_py.so
[0.393s] -- Up-to-date: /home/phuc/working/reset_entry/ws_2/install/rbpler_interfaces/local/lib/python3.10/dist-packages/rbpler_interfaces/rbpler_interfaces_s__rosidl_typesupport_introspection_c.cpython-310-x86_64-linux-gnu.so
[0.393s] -- Up-to-date: /home/phuc/working/reset_entry/ws_2/install/rbpler_interfaces/local/lib/python3.10/dist-packages/rbpler_interfaces/rbpler_interfaces_s__rosidl_typesupport_fastrtps_c.cpython-310-x86_64-linux-gnu.so
[0.394s] -- Up-to-date: /home/phuc/working/reset_entry/ws_2/install/rbpler_interfaces/local/lib/python3.10/dist-packages/rbpler_interfaces/_rbpler_interfaces_s.ep.rosidl_typesupport_c.c
[0.394s] -- Up-to-date: /home/phuc/working/reset_entry/ws_2/install/rbpler_interfaces/local/lib/python3.10/dist-packages/rbpler_interfaces/srv
[0.394s] -- Up-to-date: /home/phuc/working/reset_entry/ws_2/install/rbpler_interfaces/local/lib/python3.10/dist-packages/rbpler_interfaces/srv/__init__.py
[0.394s] -- Up-to-date: /home/phuc/working/reset_entry/ws_2/install/rbpler_interfaces/local/lib/python3.10/dist-packages/rbpler_interfaces/srv/_set_string.py
[0.394s] -- Up-to-date: /home/phuc/working/reset_entry/ws_2/install/rbpler_interfaces/local/lib/python3.10/dist-packages/rbpler_interfaces/srv/_set_string_s.c
[0.394s] -- Up-to-date: /home/phuc/working/reset_entry/ws_2/install/rbpler_interfaces/local/lib/python3.10/dist-packages/rbpler_interfaces/__init__.py
[0.394s] -- Up-to-date: /home/phuc/working/reset_entry/ws_2/install/rbpler_interfaces/local/lib/python3.10/dist-packages/rbpler_interfaces/_rbpler_interfaces_s.ep.rosidl_typesupport_fastrtps_c.c
[0.394s] -- Up-to-date: /home/phuc/working/reset_entry/ws_2/install/rbpler_interfaces/local/lib/python3.10/dist-packages/rbpler_interfaces/_rbpler_interfaces_s.ep.rosidl_typesupport_introspection_c.c
[0.394s] -- Up-to-date: /home/phuc/working/reset_entry/ws_2/install/rbpler_interfaces/local/lib/python3.10/dist-packages/rbpler_interfaces/rbpler_interfaces_s__rosidl_typesupport_c.cpython-310-x86_64-linux-gnu.so
[0.419s] Listing '/home/phuc/working/reset_entry/ws_2/install/rbpler_interfaces/local/lib/python3.10/dist-packages/rbpler_interfaces'...
[0.419s] Listing '/home/phuc/working/reset_entry/ws_2/install/rbpler_interfaces/local/lib/python3.10/dist-packages/rbpler_interfaces/srv'...
[0.422s] -- Up-to-date: /home/phuc/working/reset_entry/ws_2/install/rbpler_interfaces/local/lib/python3.10/dist-packages/rbpler_interfaces/rbpler_interfaces_s__rosidl_typesupport_fastrtps_c.cpython-310-x86_64-linux-gnu.so
[0.422s] -- Up-to-date: /home/phuc/working/reset_entry/ws_2/install/rbpler_interfaces/local/lib/python3.10/dist-packages/rbpler_interfaces/rbpler_interfaces_s__rosidl_typesupport_introspection_c.cpython-310-x86_64-linux-gnu.so
[0.422s] -- Up-to-date: /home/phuc/working/reset_entry/ws_2/install/rbpler_interfaces/local/lib/python3.10/dist-packages/rbpler_interfaces/rbpler_interfaces_s__rosidl_typesupport_c.cpython-310-x86_64-linux-gnu.so
[0.422s] -- Up-to-date: /home/phuc/working/reset_entry/ws_2/install/rbpler_interfaces/lib/librbpler_interfaces__rosidl_generator_py.so
[0.423s] -- Up-to-date: /home/phuc/working/reset_entry/ws_2/install/rbpler_interfaces/share/rbpler_interfaces/srv/SetString.idl
[0.423s] -- Up-to-date: /home/phuc/working/reset_entry/ws_2/install/rbpler_interfaces/share/rbpler_interfaces/srv/SetString.srv
[0.423s] -- Up-to-date: /home/phuc/working/reset_entry/ws_2/install/rbpler_interfaces/share/rbpler_interfaces/srv/SetString_Request.msg
[0.423s] -- Up-to-date: /home/phuc/working/reset_entry/ws_2/install/rbpler_interfaces/share/rbpler_interfaces/srv/SetString_Response.msg
[0.423s] -- Up-to-date: /home/phuc/working/reset_entry/ws_2/install/rbpler_interfaces/share/ament_index/resource_index/package_run_dependencies/rbpler_interfaces
[0.423s] -- Up-to-date: /home/phuc/working/reset_entry/ws_2/install/rbpler_interfaces/share/ament_index/resource_index/parent_prefix_path/rbpler_interfaces
[0.423s] -- Up-to-date: /home/phuc/working/reset_entry/ws_2/install/rbpler_interfaces/share/rbpler_interfaces/environment/ament_prefix_path.sh
[0.423s] -- Up-to-date: /home/phuc/working/reset_entry/ws_2/install/rbpler_interfaces/share/rbpler_interfaces/environment/ament_prefix_path.dsv
[0.423s] -- Up-to-date: /home/phuc/working/reset_entry/ws_2/install/rbpler_interfaces/share/rbpler_interfaces/environment/path.sh
[0.423s] -- Up-to-date: /home/phuc/working/reset_entry/ws_2/install/rbpler_interfaces/share/rbpler_interfaces/environment/path.dsv
[0.423s] -- Up-to-date: /home/phuc/working/reset_entry/ws_2/install/rbpler_interfaces/share/rbpler_interfaces/local_setup.bash
[0.423s] -- Up-to-date: /home/phuc/working/reset_entry/ws_2/install/rbpler_interfaces/share/rbpler_interfaces/local_setup.sh
[0.423s] -- Up-to-date: /home/phuc/working/reset_entry/ws_2/install/rbpler_interfaces/share/rbpler_interfaces/local_setup.zsh
[0.423s] -- Up-to-date: /home/phuc/working/reset_entry/ws_2/install/rbpler_interfaces/share/rbpler_interfaces/local_setup.dsv
[0.423s] -- Installing: /home/phuc/working/reset_entry/ws_2/install/rbpler_interfaces/share/rbpler_interfaces/package.dsv
[0.423s] -- Up-to-date: /home/phuc/working/reset_entry/ws_2/install/rbpler_interfaces/share/ament_index/resource_index/packages/rbpler_interfaces
[0.424s] -- Up-to-date: /home/phuc/working/reset_entry/ws_2/install/rbpler_interfaces/share/rbpler_interfaces/cmake/export_rbpler_interfaces__rosidl_generator_cExport.cmake
[0.424s] -- Up-to-date: /home/phuc/working/reset_entry/ws_2/install/rbpler_interfaces/share/rbpler_interfaces/cmake/export_rbpler_interfaces__rosidl_generator_cExport-noconfig.cmake
[0.424s] -- Up-to-date: /home/phuc/working/reset_entry/ws_2/install/rbpler_interfaces/share/rbpler_interfaces/cmake/export_rbpler_interfaces__rosidl_typesupport_fastrtps_cExport.cmake
[0.424s] -- Up-to-date: /home/phuc/working/reset_entry/ws_2/install/rbpler_interfaces/share/rbpler_interfaces/cmake/export_rbpler_interfaces__rosidl_typesupport_fastrtps_cExport-noconfig.cmake
[0.424s] -- Up-to-date: /home/phuc/working/reset_entry/ws_2/install/rbpler_interfaces/share/rbpler_interfaces/cmake/rbpler_interfaces__rosidl_typesupport_introspection_cExport.cmake
[0.424s] -- Up-to-date: /home/phuc/working/reset_entry/ws_2/install/rbpler_interfaces/share/rbpler_interfaces/cmake/rbpler_interfaces__rosidl_typesupport_introspection_cExport-noconfig.cmake
[0.424s] -- Up-to-date: /home/phuc/working/reset_entry/ws_2/install/rbpler_interfaces/share/rbpler_interfaces/cmake/rbpler_interfaces__rosidl_typesupport_cExport.cmake
[0.424s] -- Up-to-date: /home/phuc/working/reset_entry/ws_2/install/rbpler_interfaces/share/rbpler_interfaces/cmake/rbpler_interfaces__rosidl_typesupport_cExport-noconfig.cmake
[0.424s] -- Up-to-date: /home/phuc/working/reset_entry/ws_2/install/rbpler_interfaces/share/rbpler_interfaces/cmake/export_rbpler_interfaces__rosidl_generator_cppExport.cmake
[0.424s] -- Up-to-date: /home/phuc/working/reset_entry/ws_2/install/rbpler_interfaces/share/rbpler_interfaces/cmake/export_rbpler_interfaces__rosidl_typesupport_fastrtps_cppExport.cmake
[0.424s] -- Up-to-date: /home/phuc/working/reset_entry/ws_2/install/rbpler_interfaces/share/rbpler_interfaces/cmake/export_rbpler_interfaces__rosidl_typesupport_fastrtps_cppExport-noconfig.cmake
[0.424s] -- Up-to-date: /home/phuc/working/reset_entry/ws_2/install/rbpler_interfaces/share/rbpler_interfaces/cmake/rbpler_interfaces__rosidl_typesupport_introspection_cppExport.cmake
[0.424s] -- Up-to-date: /home/phuc/working/reset_entry/ws_2/install/rbpler_interfaces/share/rbpler_interfaces/cmake/rbpler_interfaces__rosidl_typesupport_introspection_cppExport-noconfig.cmake
[0.424s] -- Up-to-date: /home/phuc/working/reset_entry/ws_2/install/rbpler_interfaces/share/rbpler_interfaces/cmake/rbpler_interfaces__rosidl_typesupport_cppExport.cmake
[0.424s] -- Up-to-date: /home/phuc/working/reset_entry/ws_2/install/rbpler_interfaces/share/rbpler_interfaces/cmake/rbpler_interfaces__rosidl_typesupport_cppExport-noconfig.cmake
[0.424s] -- Up-to-date: /home/phuc/working/reset_entry/ws_2/install/rbpler_interfaces/share/rbpler_interfaces/cmake/export_rbpler_interfaces__rosidl_generator_pyExport.cmake
[0.424s] -- Up-to-date: /home/phuc/working/reset_entry/ws_2/install/rbpler_interfaces/share/rbpler_interfaces/cmake/export_rbpler_interfaces__rosidl_generator_pyExport-noconfig.cmake
[0.424s] -- Up-to-date: /home/phuc/working/reset_entry/ws_2/install/rbpler_interfaces/share/rbpler_interfaces/cmake/rosidl_cmake-extras.cmake
[0.425s] -- Up-to-date: /home/phuc/working/reset_entry/ws_2/install/rbpler_interfaces/share/rbpler_interfaces/cmake/ament_cmake_export_include_directories-extras.cmake
[0.425s] -- Up-to-date: /home/phuc/working/reset_entry/ws_2/install/rbpler_interfaces/share/rbpler_interfaces/cmake/ament_cmake_export_libraries-extras.cmake
[0.425s] -- Up-to-date: /home/phuc/working/reset_entry/ws_2/install/rbpler_interfaces/share/rbpler_interfaces/cmake/ament_cmake_export_targets-extras.cmake
[0.425s] -- Up-to-date: /home/phuc/working/reset_entry/ws_2/install/rbpler_interfaces/share/rbpler_interfaces/cmake/rosidl_cmake_export_typesupport_targets-extras.cmake
[0.425s] -- Up-to-date: /home/phuc/working/reset_entry/ws_2/install/rbpler_interfaces/share/rbpler_interfaces/cmake/ament_cmake_export_dependencies-extras.cmake
[0.425s] -- Up-to-date: /home/phuc/working/reset_entry/ws_2/install/rbpler_interfaces/share/rbpler_interfaces/cmake/rosidl_cmake_export_typesupport_libraries-extras.cmake
[0.425s] -- Up-to-date: /home/phuc/working/reset_entry/ws_2/install/rbpler_interfaces/share/rbpler_interfaces/cmake/rbpler_interfacesConfig.cmake
[0.425s] -- Up-to-date: /home/phuc/working/reset_entry/ws_2/install/rbpler_interfaces/share/rbpler_interfaces/cmake/rbpler_interfacesConfig-version.cmake
[0.425s] -- Up-to-date: /home/phuc/working/reset_entry/ws_2/install/rbpler_interfaces/share/rbpler_interfaces/package.xml
[0.428s] Invoked command in '/home/phuc/working/reset_entry/ws_2/build/rbpler_interfaces' returned '0': CMAKE_PREFIX_PATH=${CMAKE_PREFIX_PATH}:/home/phuc/working/reset_entry/install/robot_planner:/home/phuc/working/reset_entry/ws_2/install/robot_planner:/home/phuc/working/ws_2_copy/install/robot_planner:/opt/ros/humble /usr/bin/cmake --install /home/phuc/working/reset_entry/ws_2/build/rbpler_interfaces
