running egg_info
creating ../../build/robot_planner/robot_planner.egg-info
writing ../../build/robot_planner/robot_planner.egg-info/PKG-INFO
writing dependency_links to ../../build/robot_planner/robot_planner.egg-info/dependency_links.txt
writing entry points to ../../build/robot_planner/robot_planner.egg-info/entry_points.txt
writing requirements to ../../build/robot_planner/robot_planner.egg-info/requires.txt
writing top-level names to ../../build/robot_planner/robot_planner.egg-info/top_level.txt
writing manifest file '../../build/robot_planner/robot_planner.egg-info/SOURCES.txt'
reading manifest file '../../build/robot_planner/robot_planner.egg-info/SOURCES.txt'
adding license file 'LICENSE'
writing manifest file '../../build/robot_planner/robot_planner.egg-info/SOURCES.txt'
running build
running build_py
creating /home/phuc/working/reset_entry/ws_2/build/robot_planner/build
creating /home/phuc/working/reset_entry/ws_2/build/robot_planner/build/lib
creating /home/phuc/working/reset_entry/ws_2/build/robot_planner/build/lib/robot_planner
copying robot_planner/planner_sv2.py -> /home/phuc/working/reset_entry/ws_2/build/robot_planner/build/lib/robot_planner
copying robot_planner/__init__.py -> /home/phuc/working/reset_entry/ws_2/build/robot_planner/build/lib/robot_planner
copying robot_planner/server.py -> /home/phuc/working/reset_entry/ws_2/build/robot_planner/build/lib/robot_planner
copying robot_planner/client.py -> /home/phuc/working/reset_entry/ws_2/build/robot_planner/build/lib/robot_planner
running install
running install_lib
creating /home/phuc/working/reset_entry/ws_2/install/robot_planner/lib/python3.10/site-packages/robot_planner
copying /home/phuc/working/reset_entry/ws_2/build/robot_planner/build/lib/robot_planner/planner_sv2.py -> /home/phuc/working/reset_entry/ws_2/install/robot_planner/lib/python3.10/site-packages/robot_planner
copying /home/phuc/working/reset_entry/ws_2/build/robot_planner/build/lib/robot_planner/__init__.py -> /home/phuc/working/reset_entry/ws_2/install/robot_planner/lib/python3.10/site-packages/robot_planner
copying /home/phuc/working/reset_entry/ws_2/build/robot_planner/build/lib/robot_planner/server.py -> /home/phuc/working/reset_entry/ws_2/install/robot_planner/lib/python3.10/site-packages/robot_planner
copying /home/phuc/working/reset_entry/ws_2/build/robot_planner/build/lib/robot_planner/client.py -> /home/phuc/working/reset_entry/ws_2/install/robot_planner/lib/python3.10/site-packages/robot_planner
byte-compiling /home/phuc/working/reset_entry/ws_2/install/robot_planner/lib/python3.10/site-packages/robot_planner/planner_sv2.py to planner_sv2.cpython-310.pyc
byte-compiling /home/phuc/working/reset_entry/ws_2/install/robot_planner/lib/python3.10/site-packages/robot_planner/__init__.py to __init__.cpython-310.pyc
byte-compiling /home/phuc/working/reset_entry/ws_2/install/robot_planner/lib/python3.10/site-packages/robot_planner/server.py to server.cpython-310.pyc
byte-compiling /home/phuc/working/reset_entry/ws_2/install/robot_planner/lib/python3.10/site-packages/robot_planner/client.py to client.cpython-310.pyc
running install_data
creating /home/phuc/working/reset_entry/ws_2/install/robot_planner/share/ament_index
creating /home/phuc/working/reset_entry/ws_2/install/robot_planner/share/ament_index/resource_index
creating /home/phuc/working/reset_entry/ws_2/install/robot_planner/share/ament_index/resource_index/packages
copying resource/robot_planner -> /home/phuc/working/reset_entry/ws_2/install/robot_planner/share/ament_index/resource_index/packages
copying package.xml -> /home/phuc/working/reset_entry/ws_2/install/robot_planner/share/robot_planner
creating /home/phuc/working/reset_entry/ws_2/install/robot_planner/share/robot_planner/launch
copying launch/test1.launch.py -> /home/phuc/working/reset_entry/ws_2/install/robot_planner/share/robot_planner/launch
copying launch/test2.launch.py -> /home/phuc/working/reset_entry/ws_2/install/robot_planner/share/robot_planner/launch
running install_egg_info
Copying ../../build/robot_planner/robot_planner.egg-info to /home/phuc/working/reset_entry/ws_2/install/robot_planner/lib/python3.10/site-packages/robot_planner-0.0.0-py3.10.egg-info
running install_scripts
Installing client script to /home/phuc/working/reset_entry/ws_2/install/robot_planner/lib/robot_planner
Installing planner_sv2 script to /home/phuc/working/reset_entry/ws_2/install/robot_planner/lib/robot_planner
Installing server script to /home/phuc/working/reset_entry/ws_2/install/robot_planner/lib/robot_planner
writing list of installed files to '/home/phuc/working/reset_entry/ws_2/build/robot_planner/install.log'
