[0.515s] Invoking command in '/home/phuc/working/reset_entry/ws_2/src/robot_planner': PYTHONPATH=/home/phuc/working/reset_entry/ws_2/build/robot_planner/prefix_override:/usr/lib/python3/dist-packages/colcon_core/task/python/colcon_distutils_commands:/home/phuc/working/reset_entry/ws_2/install/robot_planner/lib/python3.10/site-packages:${PYTHONPATH} /usr/bin/python3 -W ignore:setup.py install is deprecated setup.py egg_info --egg-base ../../build/robot_planner build --build-base /home/phuc/working/reset_entry/ws_2/build/robot_planner/build install --record /home/phuc/working/reset_entry/ws_2/build/robot_planner/install.log --single-version-externally-managed install_data
[0.715s] running egg_info
[0.716s] creating ../../build/robot_planner/robot_planner.egg-info
[0.716s] writing ../../build/robot_planner/robot_planner.egg-info/PKG-INFO
[0.716s] writing dependency_links to ../../build/robot_planner/robot_planner.egg-info/dependency_links.txt
[0.716s] writing entry points to ../../build/robot_planner/robot_planner.egg-info/entry_points.txt
[0.716s] writing requirements to ../../build/robot_planner/robot_planner.egg-info/requires.txt
[0.716s] writing top-level names to ../../build/robot_planner/robot_planner.egg-info/top_level.txt
[0.717s] writing manifest file '../../build/robot_planner/robot_planner.egg-info/SOURCES.txt'
[0.718s] reading manifest file '../../build/robot_planner/robot_planner.egg-info/SOURCES.txt'
[0.718s] adding license file 'LICENSE'
[0.718s] writing manifest file '../../build/robot_planner/robot_planner.egg-info/SOURCES.txt'
[0.718s] running build
[0.718s] running build_py
[0.719s] creating /home/phuc/working/reset_entry/ws_2/build/robot_planner/build
[0.719s] creating /home/phuc/working/reset_entry/ws_2/build/robot_planner/build/lib
[0.719s] creating /home/phuc/working/reset_entry/ws_2/build/robot_planner/build/lib/robot_planner
[0.719s] copying robot_planner/planner_sv2.py -> /home/phuc/working/reset_entry/ws_2/build/robot_planner/build/lib/robot_planner
[0.719s] copying robot_planner/__init__.py -> /home/phuc/working/reset_entry/ws_2/build/robot_planner/build/lib/robot_planner
[0.719s] copying robot_planner/server.py -> /home/phuc/working/reset_entry/ws_2/build/robot_planner/build/lib/robot_planner
[0.719s] copying robot_planner/client.py -> /home/phuc/working/reset_entry/ws_2/build/robot_planner/build/lib/robot_planner
[0.719s] running install
[0.719s] running install_lib
[0.720s] creating /home/phuc/working/reset_entry/ws_2/install/robot_planner/lib/python3.10/site-packages/robot_planner
[0.720s] copying /home/phuc/working/reset_entry/ws_2/build/robot_planner/build/lib/robot_planner/planner_sv2.py -> /home/phuc/working/reset_entry/ws_2/install/robot_planner/lib/python3.10/site-packages/robot_planner
[0.720s] copying /home/phuc/working/reset_entry/ws_2/build/robot_planner/build/lib/robot_planner/__init__.py -> /home/phuc/working/reset_entry/ws_2/install/robot_planner/lib/python3.10/site-packages/robot_planner
[0.720s] copying /home/phuc/working/reset_entry/ws_2/build/robot_planner/build/lib/robot_planner/server.py -> /home/phuc/working/reset_entry/ws_2/install/robot_planner/lib/python3.10/site-packages/robot_planner
[0.720s] copying /home/phuc/working/reset_entry/ws_2/build/robot_planner/build/lib/robot_planner/client.py -> /home/phuc/working/reset_entry/ws_2/install/robot_planner/lib/python3.10/site-packages/robot_planner
[0.721s] byte-compiling /home/phuc/working/reset_entry/ws_2/install/robot_planner/lib/python3.10/site-packages/robot_planner/planner_sv2.py to planner_sv2.cpython-310.pyc
[0.721s] byte-compiling /home/phuc/working/reset_entry/ws_2/install/robot_planner/lib/python3.10/site-packages/robot_planner/__init__.py to __init__.cpython-310.pyc
[0.721s] byte-compiling /home/phuc/working/reset_entry/ws_2/install/robot_planner/lib/python3.10/site-packages/robot_planner/server.py to server.cpython-310.pyc
[0.722s] byte-compiling /home/phuc/working/reset_entry/ws_2/install/robot_planner/lib/python3.10/site-packages/robot_planner/client.py to client.cpython-310.pyc
[0.722s] running install_data
[0.722s] creating /home/phuc/working/reset_entry/ws_2/install/robot_planner/share/ament_index
[0.722s] creating /home/phuc/working/reset_entry/ws_2/install/robot_planner/share/ament_index/resource_index
[0.722s] creating /home/phuc/working/reset_entry/ws_2/install/robot_planner/share/ament_index/resource_index/packages
[0.722s] copying resource/robot_planner -> /home/phuc/working/reset_entry/ws_2/install/robot_planner/share/ament_index/resource_index/packages
[0.722s] copying package.xml -> /home/phuc/working/reset_entry/ws_2/install/robot_planner/share/robot_planner
[0.722s] creating /home/phuc/working/reset_entry/ws_2/install/robot_planner/share/robot_planner/launch
[0.723s] copying launch/test1.launch.py -> /home/phuc/working/reset_entry/ws_2/install/robot_planner/share/robot_planner/launch
[0.723s] copying launch/test2.launch.py -> /home/phuc/working/reset_entry/ws_2/install/robot_planner/share/robot_planner/launch
[0.723s] running install_egg_info
[0.724s] Copying ../../build/robot_planner/robot_planner.egg-info to /home/phuc/working/reset_entry/ws_2/install/robot_planner/lib/python3.10/site-packages/robot_planner-0.0.0-py3.10.egg-info
[0.725s] running install_scripts
[0.742s] Installing client script to /home/phuc/working/reset_entry/ws_2/install/robot_planner/lib/robot_planner
[0.743s] Installing planner_sv2 script to /home/phuc/working/reset_entry/ws_2/install/robot_planner/lib/robot_planner
[0.743s] Installing server script to /home/phuc/working/reset_entry/ws_2/install/robot_planner/lib/robot_planner
[0.743s] writing list of installed files to '/home/phuc/working/reset_entry/ws_2/build/robot_planner/install.log'
[0.762s] Invoked command in '/home/phuc/working/reset_entry/ws_2/src/robot_planner' returned '0': PYTHONPATH=/home/phuc/working/reset_entry/ws_2/build/robot_planner/prefix_override:/usr/lib/python3/dist-packages/colcon_core/task/python/colcon_distutils_commands:/home/phuc/working/reset_entry/ws_2/install/robot_planner/lib/python3.10/site-packages:${PYTHONPATH} /usr/bin/python3 -W ignore:setup.py install is deprecated setup.py egg_info --egg-base ../../build/robot_planner build --build-base /home/phuc/working/reset_entry/ws_2/build/robot_planner/build install --record /home/phuc/working/reset_entry/ws_2/build/robot_planner/install.log --single-version-externally-managed install_data
